============================= test session starts =============================
platform win32 -- Python 3.13.12, pytest-9.0.2, pluggy-1.5.0 -- C:\Users\nyvra\miniconda3\python.exe
cachedir: .pytest_cache
rootdir: C:\Users\nyvra\Downloads\sp500-predictor
configfile: pyproject.toml
testpaths: tests
plugins: anyio-4.10.0
collecting ... collected 63 items / 1 error

=================================== ERRORS ====================================
_____________ ERROR collecting tests/test_models/test_ensemble.py _____________
ImportError while importing test module 'C:\Users\nyvra\Downloads\sp500-predictor\tests\test_models\test_ensemble.py'.
Hint: make sure your test modules/packages have valid Python names.
Traceback:
..\..\miniconda3\Lib\importlib\__init__.py:88: in import_module
    return _bootstrap._gcd_import(name[level:], package, level)
           ^^^^^^^^^^^^^^^^^^^^^^^^^^^^^^^^^^^^^^^^^^^^^^^^^^^^
tests\test_models\test_ensemble.py:15: in <module>
    from src.models.ensemble import EnsembleModels
E   ImportError: cannot import name 'EnsembleModels' from 'src.models.ensemble' (C:\Users\nyvra\Downloads\sp500-predictor\src\models\ensemble.py)
=========================== short test summary info ===========================
ERROR tests/test_models/test_ensemble.py
!!!!!!!!!!!!!!!!!!! Interrupted: 1 error during collection !!!!!!!!!!!!!!!!!!!!
============================== 1 error in 4.28s ===============================
