============================= test session starts =============================
platform win32 -- Python 3.13.12, pytest-9.0.2, pluggy-1.5.0 -- C:\Users\nyvra\miniconda3\python.exe
cachedir: .pytest_cache
rootdir: C:\Users\nyvra\Downloads\sp500-predictor
configfile: pyproject.toml
testpaths: tests
plugins: anyio-4.10.0
collecting ... collected 66 items

tests/test_data/test_cleaner.py::TestDataCleaner::test_init PASSED       [  1%]
tests/test_data/test_cleaner.py::TestDataCleaner::test_clean_sp500_data PASSED [  3%]
tests/test_data/test_cleaner.py::TestDataCleaner::test_handle_missing_values FAILED [  4%]
tests/test_data/test_cleaner.py::TestDataCleaner::test_remove_duplicates FAILED [  6%]
tests/test_data/test_cleaner.py::TestDataCleaner::test_handle_outliers FAILED [  7%]
tests/test_data/test_cleaner.py::TestDataCleaner::test_fill_missing_values_methods FAILED [  9%]
tests/test_data/test_cleaner.py::TestDataCleaner::test_validate_ranges FAILED [ 10%]
tests/test_data/test_collector.py::TestDataCollector::test_init PASSED   [ 12%]
tests/test_data/test_collector.py::TestDataCollector::test_fetch_daily_data PASSED [ 13%]
tests/test_data/test_collector.py::TestDataCollector::test_fetch_data_with_retry FAILED [ 15%]
tests/test_data/test_collector.py::TestDataCollector::test_validate_data FAILED [ 16%]
tests/test_data/test_collector.py::TestDataCollector::test_validate_data_missing_columns FAILED [ 18%]
tests/test_data/test_collector.py::TestYahooFinanceCollector::test_init FAILED [ 19%]
tests/test_data/test_collector.py::TestYahooFinanceCollector::test_fetch_intraday_data PASSED [ 21%]
tests/test_data/test_collector.py::TestYahooFinanceCollector::test_get_ticker_info FAILED [ 22%]
tests/test_data/test_validator.py::TestDataValidator::test_init PASSED   [ 24%]
tests/test_data/test_validator.py::TestDataValidator::test_validate_completeness FAILED [ 25%]
tests/test_data/test_validator.py::TestDataValidator::test_validate_accuracy FAILED [ 27%]
tests/test_data/test_validator.py::TestDataValidator::test_validate_consistency FAILED [ 28%]
tests/test_data/test_validator.py::TestDataValidator::test_generate_quality_report FAILED [ 30%]
tests/test_data/test_validator.py::TestDataValidator::test_quality_score_perfect_data PASSED [ 31%]
tests/test_data/test_validator.py::TestDataValidator::test_validate_data_types FAILED [ 33%]
tests/test_evaluation/test_backtest.py::TestBacktestEngine::test_init PASSED [ 34%]
tests/test_evaluation/test_backtest.py::TestBacktestEngine::test_walk_forward_split FAILED [ 36%]
tests/test_evaluation/test_backtest.py::TestBacktestEngine::test_expanding_window_split FAILED [ 37%]
tests/test_evaluation/test_backtest.py::TestBacktestEngine::test_calculate_returns FAILED [ 39%]
tests/test_evaluation/test_backtest.py::TestBacktestEngine::test_calculate_sharpe_ratio FAILED [ 40%]
tests/test_evaluation/test_metrics.py::TestMetricsCalculator::test_calculate_rmse FAILED [ 42%]
tests/test_evaluation/test_metrics.py::TestMetricsCalculator::test_calculate_mae FAILED [ 43%]
tests/test_evaluation/test_metrics.py::TestMetricsCalculator::test_calculate_r2 FAILED [ 45%]
tests/test_evaluation/test_metrics.py::TestMetricsCalculator::test_direction_accuracy FAILED [ 46%]
tests/test_features/test_engineering.py::TestFeatureEngineer::test_init PASSED [ 48%]
tests/test_features/test_engineering.py::TestFeatureEngineer::test_add_moving_averages FAILED [ 50%]
tests/test_features/test_engineering.py::TestFeatureEngineer::test_add_rsi FAILED [ 51%]
tests/test_features/test_engineering.py::TestFeatureEngineer::test_add_macd FAILED [ 53%]
tests/test_features/test_engineering.py::TestFeatureEngineer::test_add_bollinger_bands FAILED [ 54%]
tests/test_features/test_engineering.py::TestFeatureEngineer::test_add_volatility FAILED [ 56%]
tests/test_features/test_engineering.py::TestFeatureEngineer::test_create_all_features PASSED [ 57%]
tests/test_features/test_selection.py::TestFeatureSelector::test_init PASSED [ 59%]
tests/test_features/test_selection.py::TestFeatureSelector::test_correlation_selection FAILED [ 60%]
tests/test_features/test_selection.py::TestFeatureSelector::test_mutual_info_selection FAILED [ 62%]
tests/test_features/test_selection.py::TestFeatureSelector::test_rfe_selection FAILED [ 63%]
tests/test_features/test_selection.py::TestFeatureSelector::test_ensemble_selection FAILED [ 65%]
tests/test_features/test_technical.py::TestTechnicalIndicators::test_calculate_rsi FAILED [ 66%]
tests/test_features/test_technical.py::TestTechnicalIndicators::test_calculate_macd FAILED [ 68%]
tests/test_features/test_technical.py::TestTechnicalIndicators::test_calculate_bollinger_bands FAILED [ 69%]
tests/test_features/test_technical.py::TestTechnicalIndicators::test_calculate_atr FAILED [ 71%]
tests/test_features/test_technical.py::TestTechnicalIndicators::test_calculate_obv FAILED [ 72%]
tests/test_integration/test_end_to_end.py::TestEndToEnd::test_data_to_prediction_flow FAILED [ 74%]
tests/test_integration/test_end_to_end.py::TestEndToEnd::test_api_prediction_flow FAILED [ 75%]
tests/test_integration/test_pipeline.py::TestPipelineIntegration::test_training_pipeline FAILED [ 77%]
tests/test_integration/test_pipeline.py::TestPipelineIntegration::test_prediction_pipeline FAILED [ 78%]
tests/test_integration/test_pipeline.py::TestPipelineIntegration::test_end_to_end_flow FAILED [ 80%]
tests/test_models/test_ensemble.py::TestEnsembleModels::test_stacking_ensemble FAILED [ 81%]
tests/test_models/test_ensemble.py::TestEnsembleModels::test_voting_ensemble FAILED [ 83%]
tests/test_models/test_ensemble.py::TestEnsembleModels::test_optimize_weights FAILED [ 84%]
tests/test_models/test_linear.py::TestLinearModels::test_ridge_init PASSED [ 86%]
tests/test_models/test_linear.py::TestLinearModels::test_lasso_init PASSED [ 87%]
tests/test_models/test_linear.py::TestLinearModels::test_train_ridge FAILED [ 89%]
tests/test_models/test_linear.py::TestLinearModels::test_train_lasso FAILED [ 90%]
tests/test_models/test_linear.py::TestLinearModels::test_predict PASSED  [ 92%]
tests/test_models/test_xgboost.py::TestXGBoostModel::test_init PASSED    [ 93%]
tests/test_models/test_xgboost.py::TestXGBoostModel::test_train FAILED   [ 95%]
tests/test_models/test_xgboost.py::TestXGBoostModel::test_predict FAILED [ 96%]
tests/test_models/test_xgboost.py::TestXGBoostModel::test_feature_importance FAILED [ 98%]
tests/test_models/test_xgboost.py::TestXGBoostModel::test_hyperparameter_tuning FAILED [100%]

================================== FAILURES ===================================
_________________ TestDataCleaner.test_handle_missing_values __________________

self = <test_cleaner.TestDataCleaner object at 0x000001F7D8B66520>
sample_data =                   open        high         low  ...     volume   returns    target
2024-01-01  102.483571  104.581638 ...41 -0.028957
2024-12-26  102.596733  106.448764  101.638148  ...  674365427 -0.018433 -0.100531

[361 rows x 7 columns]

    def test_handle_missing_values(self, sample_data):
    
        """Test handling of missing values"""
    
        # Add some NaN values
    
        df_with_nan = sample_data.copy()
    
        df_with_nan.iloc[10:20, 0] = np.nan
    
    
    
        cleaner = DataCleaner()
    
>       cleaned_df = cleaner.handle_missing_values(df_with_nan)
                     ^^^^^^^^^^^^^^^^^^^^^^^^^^^^^
E       AttributeError: 'DataCleaner' object has no attribute 'handle_missing_values'

tests\test_data\test_cleaner.py:69: AttributeError
___________________ TestDataCleaner.test_remove_duplicates ____________________

self = <test_cleaner.TestDataCleaner object at 0x000001F7D8B66780>
sample_data =                   open        high         low  ...     volume   returns    target
2024-01-01  102.483571  104.581638 ...41 -0.028957
2024-12-26  102.596733  106.448764  101.638148  ...  674365427 -0.018433 -0.100531

[361 rows x 7 columns]

    def test_remove_duplicates(self, sample_data):
    
        """Test duplicate removal"""
    
        df_with_duplicates = pd.concat([sample_data, sample_data.iloc[:10]])
    
    
    
        cleaner = DataCleaner()
    
>       cleaned_df = cleaner.remove_duplicates(df_with_duplicates)
                     ^^^^^^^^^^^^^^^^^^^^^^^^^
E       AttributeError: 'DataCleaner' object has no attribute 'remove_duplicates'

tests\test_data\test_cleaner.py:87: AttributeError
____________________ TestDataCleaner.test_handle_outliers _____________________

self = <test_cleaner.TestDataCleaner object at 0x000001F7D8BBA0F0>
sample_data =                   open        high         low  ...     volume     returns    target
2024-01-01  102.483571  104.58163... -0.028957
2024-12-26  102.596733  106.448764  101.638148  ...  674365427   -0.018433 -0.100531

[361 rows x 7 columns]

    def test_handle_outliers(self, sample_data):
    
        """Test outlier handling"""
    
        # Add outlier
    
        sample_data.loc[sample_data.index[0], 'returns'] = 100
    
    
    
        cleaner = DataCleaner()
    
>       cleaned_df = cleaner.handle_outliers(sample_data)
                     ^^^^^^^^^^^^^^^^^^^^^^^
E       AttributeError: 'DataCleaner' object has no attribute 'handle_outliers'

tests\test_data\test_cleaner.py:107: AttributeError
______________ TestDataCleaner.test_fill_missing_values_methods _______________

self = <test_cleaner.TestDataCleaner object at 0x000001F7D8B6A360>
sample_data =                   open        high         low  ...     volume     returns    target
2024-01-01  102.483571  104.58163... -0.028957
2024-12-26  102.596733  106.448764  101.638148  ...  674365427   -0.018433 -0.100531

[361 rows x 7 columns]

    def test_fill_missing_values_methods(self, sample_data):
    
        """Test different filling methods"""
    
        df_with_nan = sample_data.copy()
    
        df_with_nan.iloc[10:20, 0] = np.nan
    
    
    
        cleaner = DataCleaner()
    
    
    
        # Test forward fill
    
>       df_ffill = cleaner.fill_missing_values(df_with_nan, method='ffill')
                   ^^^^^^^^^^^^^^^^^^^^^^^^^^^
E       AttributeError: 'DataCleaner' object has no attribute 'fill_missing_values'

tests\test_data\test_cleaner.py:133: AttributeError
____________________ TestDataCleaner.test_validate_ranges _____________________

self = <test_cleaner.TestDataCleaner object at 0x000001F7D8B6A580>
sample_data =                   open        high         low  ...     volume     returns    target
2024-01-01  102.483571  104.58163... -0.028957
2024-12-26  102.596733  106.448764  101.638148  ...  674365427   -0.018433 -0.100531

[361 rows x 7 columns]

    def test_validate_ranges(self, sample_data):
    
        """Test range validation"""
    
        # Create invalid data
    
        invalid_df = sample_data.copy()
    
        invalid_df.loc[invalid_df.index[0], 'high'] = invalid_df.loc[invalid_df.index[0], 'low'] - 10
    
    
    
        cleaner = DataCleaner()
    
>       validated_df = cleaner.validate_ranges(invalid_df)
                       ^^^^^^^^^^^^^^^^^^^^^^^
E       AttributeError: 'DataCleaner' object has no attribute 'validate_ranges'

tests\test_data\test_cleaner.py:161: AttributeError
________________ TestDataCollector.test_fetch_data_with_retry _________________

self = <test_collector.TestDataCollector object at 0x000001F7D8B66060>

    def test_fetch_data_with_retry(self):
    
        """Test data fetching with retry logic"""
    
        collector = DataCollector()
    
    
    
        with patch('yfinance.Ticker') as mock_ticker:
    
            mock_ticker.side_effect = [Exception("API Error"), Mock()]
    
    
    
            # Should retry and succeed
    
>           df = collector.fetch_data_with_retry('2024-01-01', '2024-12-31')
                 ^^^^^^^^^^^^^^^^^^^^^^^^^^^^^^^
E           AttributeError: 'DataCollector' object has no attribute 'fetch_data_with_retry'

tests\test_data\test_collector.py:83: AttributeError
____________________ TestDataCollector.test_validate_data _____________________

self = <test_collector.TestDataCollector object at 0x000001F7D8B67360>
sample_data =                   open        high  ...  log_returns  volatility
2024-01-01  102.483571  104.581638  ...          NaN ...  ...    -0.018096    1.109187
2024-12-26  102.596733  106.448764  ...     0.043615    1.103042

[361 rows x 9 columns]

    def test_validate_data(self, sample_data):
    
        """Test data validation"""
    
        collector = DataCollector()
    
>       is_valid, message = collector.validate_data(sample_data)
                            ^^^^^^^^^^^^^^^^^^^^^^^
E       AttributeError: 'DataCollector' object has no attribute 'validate_data'

tests\test_data\test_collector.py:95: AttributeError
____________ TestDataCollector.test_validate_data_missing_columns _____________

self = <test_collector.TestDataCollector object at 0x000001F7D8BBBBF0>
sample_data =                   open        high  ...  log_returns  volatility
2024-01-01  102.483571  104.581638  ...          NaN ...  ...    -0.018096    1.109187
2024-12-26  102.596733  106.448764  ...     0.043615    1.103042

[361 rows x 9 columns]

    def test_validate_data_missing_columns(self, sample_data):
    
        """Test validation with missing columns"""
    
        collector = DataCollector()
    
        invalid_df = sample_data.drop(columns=['close'])
    
    
    
>       is_valid, message = collector.validate_data(invalid_df)
                            ^^^^^^^^^^^^^^^^^^^^^^^
E       AttributeError: 'DataCollector' object has no attribute 'validate_data'

tests\test_data\test_collector.py:115: AttributeError
_____________________ TestYahooFinanceCollector.test_init _____________________

self = <test_collector.TestYahooFinanceCollector object at 0x000001F7D8C68550>

    def test_init(self):
    
        """Test initialization"""
    
        collector = YahooFinanceCollector()
    
>       assert collector.ticker == "^GSPC"
E       AssertionError: assert yfinance.Ticker object <^GSPC> == '^GSPC'
E        +  where yfinance.Ticker object <^GSPC> = <src.data.collector.YahooFinanceCollector object at 0x000001F7DB60F2F0>.ticker

tests\test_data\test_collector.py:137: AssertionError
_______________ TestYahooFinanceCollector.test_get_ticker_info ________________

self = <test_collector.TestYahooFinanceCollector object at 0x000001F7D8B66D70>

    def test_get_ticker_info(self):
    
        """Test getting ticker information"""
    
        collector = YahooFinanceCollector()
    
>       info = collector.get_ticker_info()
               ^^^^^^^^^^^^^^^^^^^^^^^^^
E       AttributeError: 'YahooFinanceCollector' object has no attribute 'get_ticker_info'

tests\test_data\test_collector.py:173: AttributeError
________________ TestDataValidator.test_validate_completeness _________________

self = <test_validator.TestDataValidator object at 0x000001F7D8C68910>
sample_data =                   open        high  ...  log_returns  volatility
2024-01-01  102.483571  104.581638  ...          NaN ...  ...    -0.018096    1.109187
2024-12-26  102.596733  106.448764  ...     0.043615    1.103042

[361 rows x 9 columns]

    def test_validate_completeness(self, sample_data):
    
        """Test completeness validation"""
    
        validator = DataValidator()
    
>       results = validator.validate_completeness(sample_data)
                  ^^^^^^^^^^^^^^^^^^^^^^^^^^^^^^^
E       AttributeError: 'DataValidator' object has no attribute 'validate_completeness'

tests\test_data\test_validator.py:45: AttributeError
__________________ TestDataValidator.test_validate_accuracy ___________________

self = <test_validator.TestDataValidator object at 0x000001F7D8B67A80>
sample_data =                   open        high  ...  log_returns  volatility
2024-01-01  102.483571  104.581638  ...          NaN ...  ...    -0.018096    1.109187
2024-12-26  102.596733  106.448764  ...     0.043615    1.103042

[361 rows x 9 columns]

    def test_validate_accuracy(self, sample_data):
    
        """Test accuracy validation"""
    
        validator = DataValidator()
    
>       results = validator.validate_accuracy(sample_data)
                  ^^^^^^^^^^^^^^^^^^^^^^^^^^^
E       AttributeError: 'DataValidator' object has no attribute 'validate_accuracy'

tests\test_data\test_validator.py:63: AttributeError
_________________ TestDataValidator.test_validate_consistency _________________

self = <test_validator.TestDataValidator object at 0x000001F7D8B67CE0>
sample_data =                   open        high  ...  log_returns  volatility
2024-01-01  102.483571  104.581638  ...          NaN ...  ...    -0.018096    1.109187
2024-12-26  102.596733  106.448764  ...     0.043615    1.103042

[361 rows x 9 columns]

    def test_validate_consistency(self, sample_data):
    
        """Test consistency validation"""
    
        validator = DataValidator()
    
>       results = validator.validate_consistency(sample_data)
                  ^^^^^^^^^^^^^^^^^^^^^^^^^^^^^^
E       AttributeError: 'DataValidator' object has no attribute 'validate_consistency'

tests\test_data\test_validator.py:79: AttributeError
_______________ TestDataValidator.test_generate_quality_report ________________

self = <test_validator.TestDataValidator object at 0x000001F7D8C81010>
sample_data =                   open        high  ...  log_returns  volatility
2024-01-01  102.483571  104.581638  ...          NaN ...  ...    -0.018096    1.109187
2024-12-26  102.596733  106.448764  ...     0.043615    1.103042

[361 rows x 9 columns]

    def test_generate_quality_report(self, sample_data):
    
        """Test quality report generation"""
    
        validator = DataValidator()
    
        report = validator.generate_quality_report(sample_data)
    
    
    
        assert 'quality_score' in report
    
>       assert 'completeness' in report
E       AssertionError: assert 'completeness' in {'duplicate_rows': 0, 'is_valid': True, 'missing_percentage': {'close': 0.0, 'high': 0.0, 'log_returns': 0.2770083102493075, 'low': 0.0, ...}, 'missing_required_columns': [], ...}

tests\test_data\test_validator.py:101: AssertionError
---------------------------- Captured stdout call -----------------------------
\U0001f4cb Generating quality report...\n  - Quality score: 89.7/100\n  - Valid for modeling: True
_________________ TestDataValidator.test_validate_data_types __________________

self = <test_validator.TestDataValidator object at 0x000001F7D8B6B680>
sample_data =                   open        high  ...  log_returns  volatility
2024-01-01  102.483571  104.581638  ...          NaN ...  ...    -0.018096    1.109187
2024-12-26  102.596733  106.448764  ...     0.043615    1.103042

[361 rows x 9 columns]

    def test_validate_data_types(self, sample_data):
    
        """Test data type validation"""
    
        validator = DataValidator()
    
>       type_errors = validator.validate_data_types(sample_data)
                      ^^^^^^^^^^^^^^^^^^^^^^^^^^^^^
E       AttributeError: 'DataValidator' object has no attribute 'validate_data_types'

tests\test_data\test_validator.py:149: AttributeError
_________________ TestBacktestEngine.test_walk_forward_split __________________

self = <test_backtest.TestBacktestEngine object at 0x000001F7D9977C50>
sample_X_y = (array([[102.48357077, 104.58163837, 100.04126378, ...,          nan,
         57.57905396,          nan],
       [ 99..., -5.80456930e-02,
        5.23554765e-03,  8.89459769e-02, -9.52925988e-02, -2.89572178e-02,
       -1.00530675e-01]))

    def test_walk_forward_split(self, sample_X_y):
    
        """Test walk-forward split"""
    
        X, y = sample_X_y
    
    
    
        engine = BacktestEngine()
    
>       splits = engine.walk_forward_split(X, y, n_splits=5)
                 ^^^^^^^^^^^^^^^^^^^^^^^^^
E       AttributeError: 'BacktestEngine' object has no attribute 'walk_forward_split'

tests\test_evaluation\test_backtest.py:47: AttributeError
_______________ TestBacktestEngine.test_expanding_window_split ________________

self = <test_backtest.TestBacktestEngine object at 0x000001F7D8C94050>
sample_X_y = (array([[102.48357077, 104.58163837, 100.04126378, ...,          nan,
         57.57905396,          nan],
       [ 99..., -5.80456930e-02,
        5.23554765e-03,  8.89459769e-02, -9.52925988e-02, -2.89572178e-02,
       -1.00530675e-01]))

    def test_expanding_window_split(self, sample_X_y):
    
        """Test expanding window split"""
    
        X, y = sample_X_y
    
    
    
        engine = BacktestEngine()
    
>       splits = engine.expanding_window_split(X, y, initial_size=0.5, n_splits=3)
                 ^^^^^^^^^^^^^^^^^^^^^^^^^^^^^
E       AttributeError: 'BacktestEngine' object has no attribute 'expanding_window_split'

tests\test_evaluation\test_backtest.py:71: AttributeError
__________________ TestBacktestEngine.test_calculate_returns __________________

self = <test_backtest.TestBacktestEngine object at 0x000001F7D8C97BB0>

    def test_calculate_returns(self):
    
        """Test return calculation"""
    
        predictions = np.array([0.01, 0.02, -0.01, 0.03])
    
    
    
        engine = BacktestEngine()
    
>       returns = engine.calculate_returns(predictions)
                  ^^^^^^^^^^^^^^^^^^^^^^^^
E       AttributeError: 'BacktestEngine' object has no attribute 'calculate_returns'

tests\test_evaluation\test_backtest.py:89: AttributeError
_______________ TestBacktestEngine.test_calculate_sharpe_ratio ________________

self = <test_backtest.TestBacktestEngine object at 0x000001F7D9A5D130>

    def test_calculate_sharpe_ratio(self):
    
        """Test Sharpe ratio calculation"""
    
        returns = np.random.normal(0.001, 0.02, 252)
    
    
    
        engine = BacktestEngine()
    
>       sharpe = engine.calculate_sharpe_ratio(returns)
                 ^^^^^^^^^^^^^^^^^^^^^^^^^^^^^
E       AttributeError: 'BacktestEngine' object has no attribute 'calculate_sharpe_ratio'

tests\test_evaluation\test_backtest.py:107: AttributeError
__________________ TestMetricsCalculator.test_calculate_rmse __________________

self = <test_metrics.TestMetricsCalculator object at 0x000001F7D9977D90>

    def test_calculate_rmse(self):
    
        """Test RMSE calculation"""
    
        y_true = np.array([1, 2, 3, 4, 5])
    
        y_pred = np.array([1.1, 1.9, 3.2, 3.8, 5.1])
    
    
    
>       rmse = MetricsCalculator.calculate_rmse(y_true, y_pred)
               ^^^^^^^^^^^^^^^^^^^^^^^^^^^^^^^^
E       AttributeError: type object 'MetricsCalculator' has no attribute 'calculate_rmse'

tests\test_evaluation\test_metrics.py:35: AttributeError
__________________ TestMetricsCalculator.test_calculate_mae ___________________

self = <test_metrics.TestMetricsCalculator object at 0x000001F7D9977ED0>

    def test_calculate_mae(self):
    
        """Test MAE calculation"""
    
        y_true = np.array([1, 2, 3, 4, 5])
    
        y_pred = np.array([1.1, 1.9, 3.2, 3.8, 5.1])
    
    
    
>       mae = MetricsCalculator.calculate_mae(y_true, y_pred)
              ^^^^^^^^^^^^^^^^^^^^^^^^^^^^^^^
E       AttributeError: type object 'MetricsCalculator' has no attribute 'calculate_mae'

tests\test_evaluation\test_metrics.py:55: AttributeError
___________________ TestMetricsCalculator.test_calculate_r2 ___________________

self = <test_metrics.TestMetricsCalculator object at 0x000001F7D92AFCE0>

    def test_calculate_r2(self):
    
        """Test R² calculation"""
    
        y_true = np.array([1, 2, 3, 4, 5])
    
        y_pred = np.array([1.1, 1.9, 3.2, 3.8, 5.1])
    
    
    
>       r2 = MetricsCalculator.calculate_r2(y_true, y_pred)
             ^^^^^^^^^^^^^^^^^^^^^^^^^^^^^^
E       AttributeError: type object 'MetricsCalculator' has no attribute 'calculate_r2'

tests\test_evaluation\test_metrics.py:73: AttributeError
________________ TestMetricsCalculator.test_direction_accuracy ________________

self = <test_metrics.TestMetricsCalculator object at 0x000001F7D92AEC40>

    def test_direction_accuracy(self):
    
        """Test direction accuracy"""
    
        y_true = np.array([0.01, -0.02, 0.03, -0.01, 0.02])
    
        y_pred = np.array([0.02, -0.01, 0.02, -0.02, 0.01])
    
    
    
>       accuracy = MetricsCalculator.direction_accuracy(y_true, y_pred)
                   ^^^^^^^^^^^^^^^^^^^^^^^^^^^^^^^^^^^^
E       AttributeError: type object 'MetricsCalculator' has no attribute 'direction_accuracy'. Did you mean: 'directional_accuracy'?

tests\test_evaluation\test_metrics.py:91: AttributeError
________________ TestFeatureEngineer.test_add_moving_averages _________________

self = <test_engineering.TestFeatureEngineer object at 0x000001F7D9AEFB10>
sample_data =                   open        high  ...  log_returns  volatility
2024-01-01  102.483571  104.581638  ...          NaN ...  ...    -0.018096    1.109187
2024-12-26  102.596733  106.448764  ...     0.043615    1.103042

[361 rows x 9 columns]

    def test_add_moving_averages(self, sample_data):
    
        """Test adding moving averages"""
    
        engineer = FeatureEngineer()
    
>       df = engineer.add_moving_averages(sample_data)
             ^^^^^^^^^^^^^^^^^^^^^^^^^^^^
E       AttributeError: 'FeatureEngineer' object has no attribute 'add_moving_averages'

tests\test_features\test_engineering.py:43: AttributeError
______________________ TestFeatureEngineer.test_add_rsi _______________________

self = <test_engineering.TestFeatureEngineer object at 0x000001F7D9A68640>
sample_data =                   open        high  ...  log_returns  volatility
2024-01-01  102.483571  104.581638  ...          NaN ...  ...    -0.018096    1.109187
2024-12-26  102.596733  106.448764  ...     0.043615    1.103042

[361 rows x 9 columns]

    def test_add_rsi(self, sample_data):
    
        """Test RSI calculation"""
    
        engineer = FeatureEngineer()
    
>       df = engineer.add_rsi(sample_data, window=14)
             ^^^^^^^^^^^^^^^^
E       AttributeError: 'FeatureEngineer' object has no attribute 'add_rsi'

tests\test_features\test_engineering.py:61: AttributeError
______________________ TestFeatureEngineer.test_add_macd ______________________

self = <test_engineering.TestFeatureEngineer object at 0x000001F7D9A68C30>
sample_data =                   open        high  ...  log_returns  volatility
2024-01-01  102.483571  104.581638  ...          NaN ...  ...    -0.018096    1.109187
2024-12-26  102.596733  106.448764  ...     0.043615    1.103042

[361 rows x 9 columns]

    def test_add_macd(self, sample_data):
    
        """Test MACD calculation"""
    
        engineer = FeatureEngineer()
    
>       df = engineer.add_macd(sample_data)
             ^^^^^^^^^^^^^^^^^
E       AttributeError: 'FeatureEngineer' object has no attribute 'add_macd'

tests\test_features\test_engineering.py:77: AttributeError
________________ TestFeatureEngineer.test_add_bollinger_bands _________________

self = <test_engineering.TestFeatureEngineer object at 0x000001F7D9B97AD0>
sample_data =                   open        high  ...  log_returns  volatility
2024-01-01  102.483571  104.581638  ...          NaN ...  ...    -0.018096    1.109187
2024-12-26  102.596733  106.448764  ...     0.043615    1.103042

[361 rows x 9 columns]

    def test_add_bollinger_bands(self, sample_data):
    
        """Test Bollinger Bands calculation"""
    
        engineer = FeatureEngineer()
    
>       df = engineer.add_bollinger_bands(sample_data)
             ^^^^^^^^^^^^^^^^^^^^^^^^^^^^
E       AttributeError: 'FeatureEngineer' object has no attribute 'add_bollinger_bands'

tests\test_features\test_engineering.py:95: AttributeError
___________________ TestFeatureEngineer.test_add_volatility ___________________

self = <test_engineering.TestFeatureEngineer object at 0x000001F7D96C3130>
sample_data =                   open        high  ...  log_returns  volatility
2024-01-01  102.483571  104.581638  ...          NaN ...  ...    -0.018096    1.109187
2024-12-26  102.596733  106.448764  ...     0.043615    1.103042

[361 rows x 9 columns]

    def test_add_volatility(self, sample_data):
    
        """Test volatility calculation"""
    
        engineer = FeatureEngineer()
    
>       df = engineer.add_volatility(sample_data)
             ^^^^^^^^^^^^^^^^^^^^^^^
E       AttributeError: 'FeatureEngineer' object has no attribute 'add_volatility'

tests\test_features\test_engineering.py:113: AttributeError
_______________ TestFeatureSelector.test_correlation_selection ________________

self = <test_selection.TestFeatureSelector object at 0x000001F7D9C0C7D0>
sample_X_y = (array([[102.48357077, 104.58163837, 100.04126378, ...,          nan,
         57.57905396,          nan],
       [ 99..., -5.80456930e-02,
        5.23554765e-03,  8.89459769e-02, -9.52925988e-02, -2.89572178e-02,
       -1.00530675e-01]))

    def test_correlation_selection(self, sample_X_y):
    
        """Test correlation-based feature selection"""
    
        X, y = sample_X_y
    
    
    
        selector = FeatureSelector()
    
>       selected, scores = selector.correlation_selection(X, y, threshold=0.1)
                           ^^^^^^^^^^^^^^^^^^^^^^^^^^^^^^
E       AttributeError: 'FeatureSelector' object has no attribute 'correlation_selection'

tests\test_features\test_selection.py:47: AttributeError
_______________ TestFeatureSelector.test_mutual_info_selection ________________

self = <test_selection.TestFeatureSelector object at 0x000001F7D9BB95B0>
sample_X_y = (array([[102.48357077, 104.58163837, 100.04126378, ...,          nan,
         57.57905396,          nan],
       [ 99..., -5.80456930e-02,
        5.23554765e-03,  8.89459769e-02, -9.52925988e-02, -2.89572178e-02,
       -1.00530675e-01]))

    def test_mutual_info_selection(self, sample_X_y):
    
        """Test mutual information selection"""
    
        X, y = sample_X_y
    
    
    
        selector = FeatureSelector()
    
>       selected, scores = selector.mutual_info_selection(X, y, k=10)
                           ^^^^^^^^^^^^^^^^^^^^^^^^^^^^^^
E       AttributeError: 'FeatureSelector' object has no attribute 'mutual_info_selection'

tests\test_features\test_selection.py:67: AttributeError
___________________ TestFeatureSelector.test_rfe_selection ____________________

self = <test_selection.TestFeatureSelector object at 0x000001F7D9BB96E0>

    def test_rfe_selection(self):
    
        """Test RFE feature selection"""
    
        X, y = make_regression(n_samples=200, n_features=20, n_informative=5, random_state=42)
    
    
    
        selector = FeatureSelector()
    
>       selected, rankings = selector.rfe_selection(X, y, n_features=5)
                             ^^^^^^^^^^^^^^^^^^^^^^
E       AttributeError: 'FeatureSelector' object has no attribute 'rfe_selection'

tests\test_features\test_selection.py:87: AttributeError
_________________ TestFeatureSelector.test_ensemble_selection _________________

self = <test_selection.TestFeatureSelector object at 0x000001F7D9C2C5F0>
sample_X_y = (array([[102.48357077, 104.58163837, 100.04126378, ...,          nan,
         57.57905396,          nan],
       [ 99..., -5.80456930e-02,
        5.23554765e-03,  8.89459769e-02, -9.52925988e-02, -2.89572178e-02,
       -1.00530675e-01]))

    def test_ensemble_selection(self, sample_X_y):
    
        """Test ensemble feature selection"""
    
        X, y = sample_X_y
    
    
    
        selector = FeatureSelector()
    
>       selected, importance = selector.ensemble_selection(X, y)
                               ^^^^^^^^^^^^^^^^^^^^^^^^^^^
E       AttributeError: 'FeatureSelector' object has no attribute 'ensemble_selection'

tests\test_features\test_selection.py:107: AttributeError
_________________ TestTechnicalIndicators.test_calculate_rsi __________________

self = <test_technical.TestTechnicalIndicators object at 0x000001F7D9C0C550>
sample_data =                   open        high  ...  log_returns  volatility
2024-01-01  102.483571  104.581638  ...          NaN ...  ...    -0.018096    1.109187
2024-12-26  102.596733  106.448764  ...     0.043615    1.103042

[361 rows x 9 columns]

    def test_calculate_rsi(self, sample_data):
    
        """Test RSI calculation"""
    
        ti = TechnicalIndicators()
    
>       rsi = ti.calculate_rsi(sample_data['close'], window=14)
              ^^^^^^^^^^^^^^^^
E       AttributeError: 'TechnicalIndicators' object has no attribute 'calculate_rsi'. Did you mean: 'calculate_all'?

tests\test_features\test_technical.py:33: AttributeError
_________________ TestTechnicalIndicators.test_calculate_macd _________________

self = <test_technical.TestTechnicalIndicators object at 0x000001F7D9C0C910>
sample_data =                   open        high  ...  log_returns  volatility
2024-01-01  102.483571  104.581638  ...          NaN ...  ...    -0.018096    1.109187
2024-12-26  102.596733  106.448764  ...     0.043615    1.103042

[361 rows x 9 columns]

    def test_calculate_macd(self, sample_data):
    
        """Test MACD calculation"""
    
        ti = TechnicalIndicators()
    
>       macd, signal, diff = ti.calculate_macd(sample_data['close'])
                             ^^^^^^^^^^^^^^^^^
E       AttributeError: 'TechnicalIndicators' object has no attribute 'calculate_macd'. Did you mean: 'calculate_all'?

tests\test_features\test_technical.py:49: AttributeError
___________ TestTechnicalIndicators.test_calculate_bollinger_bands ____________

self = <test_technical.TestTechnicalIndicators object at 0x000001F7D9BB9940>
sample_data =                   open        high  ...  log_returns  volatility
2024-01-01  102.483571  104.581638  ...          NaN ...  ...    -0.018096    1.109187
2024-12-26  102.596733  106.448764  ...     0.043615    1.103042

[361 rows x 9 columns]

    def test_calculate_bollinger_bands(self, sample_data):
    
        """Test Bollinger Bands calculation"""
    
        ti = TechnicalIndicators()
    
>       upper, middle, lower = ti.calculate_bollinger_bands(sample_data['close'])
                               ^^^^^^^^^^^^^^^^^^^^^^^^^^^^
E       AttributeError: 'TechnicalIndicators' object has no attribute 'calculate_bollinger_bands'

tests\test_features\test_technical.py:65: AttributeError
_________________ TestTechnicalIndicators.test_calculate_atr __________________

self = <test_technical.TestTechnicalIndicators object at 0x000001F7D9BB9A70>
sample_data =                   open        high  ...  log_returns  volatility
2024-01-01  102.483571  104.581638  ...          NaN ...  ...    -0.018096    1.109187
2024-12-26  102.596733  106.448764  ...     0.043615    1.103042

[361 rows x 9 columns]

    def test_calculate_atr(self, sample_data):
    
        """Test ATR calculation"""
    
        ti = TechnicalIndicators()
    
>       atr = ti.calculate_atr(
              ^^^^^^^^^^^^^^^^
    
            sample_data['high'],
    
            sample_data['low'],
    
            sample_data['close']
    
        )
E       AttributeError: 'TechnicalIndicators' object has no attribute 'calculate_atr'. Did you mean: 'calculate_all'?

tests\test_features\test_technical.py:81: AttributeError
_________________ TestTechnicalIndicators.test_calculate_obv __________________

self = <test_technical.TestTechnicalIndicators object at 0x000001F7D9C2D370>
sample_data =                   open        high  ...  log_returns  volatility
2024-01-01  102.483571  104.581638  ...          NaN ...  ...    -0.018096    1.109187
2024-12-26  102.596733  106.448764  ...     0.043615    1.103042

[361 rows x 9 columns]

    def test_calculate_obv(self, sample_data):
    
        """Test OBV calculation"""
    
        ti = TechnicalIndicators()
    
>       obv = ti.calculate_obv(sample_data['close'], sample_data['volume'])
              ^^^^^^^^^^^^^^^^
E       AttributeError: 'TechnicalIndicators' object has no attribute 'calculate_obv'. Did you mean: 'calculate_all'?

tests\test_features\test_technical.py:105: AttributeError
__________________ TestEndToEnd.test_data_to_prediction_flow __________________

self = <test_end_to_end.TestEndToEnd object at 0x000001F7D9C0CB90>
sample_data =                   open        high  ...  log_returns  volatility
2024-01-01  102.483571  104.581638  ...          NaN ...  ...    -0.018096    1.109187
2024-12-26  102.596733  106.448764  ...     0.043615    1.103042

[361 rows x 9 columns]

    def test_data_to_prediction_flow(self, sample_data):
    
        """Test complete data to prediction flow"""
    
    
    
        # 1. Save test data
    
        data_path = self.data_dir / "test_data.csv"
    
        sample_data.to_csv(data_path)
    
    
    
        # 2. Load and preprocess
    
        df = pd.read_csv(data_path, index_col=0, parse_dates=True)
    
    
    
        # 3. Create features
    
        from src.features.engineering import FeatureEngineer
    
        engineer = FeatureEngineer()
    
        df_features = engineer.create_all_features(df)
    
    
    
        # 4. Prepare X, y
    
        feature_cols = [col for col in df_features.columns if col != 'target']
    
        X = df_features[feature_cols].values
    
        y = df_features['target'].values
    
    
    
        # Remove NaN
    
        mask = ~np.isnan(X).any(axis=1) & ~np.isnan(y)
    
        X = X[mask]
    
        y = y[mask]
    
    
    
        # 5. Train model
    
        from src.models.gradient_boosting import XGBoostModel
    
        model = XGBoostModel()
    
        trained_model, metrics = model.train(X, y)
    
    
    
        # 6. Make predictions
    
>       predictions = model.predict(trained_model, X)
                      ^^^^^^^^^^^^^^^^^^^^^^^^^^^^^^^
E       TypeError: BaseModel.predict() takes 2 positional arguments but 3 were given

tests\test_integration\test_end_to_end.py:123: TypeError
---------------------------- Captured stdout call -----------------------------
\U0001f527 Creating features...\n\u2705 Created 34 features
____________________ TestEndToEnd.test_api_prediction_flow ____________________

self = <test_end_to_end.TestEndToEnd object at 0x000001F7D9C0CCD0>
sample_X_y = (array([[102.48357077, 104.58163837, 100.04126378, ...,          nan,
         57.57905396,          nan],
       [ 99..., -5.80456930e-02,
        5.23554765e-03,  8.89459769e-02, -9.52925988e-02, -2.89572178e-02,
       -1.00530675e-01]))
mock_model_response = {'confidence': 'Low', 'current_price': 5245.67, 'direction': 'BULLISH', 'model_version': '2.0.0', ...}

    def test_api_prediction_flow(self, sample_X_y, mock_model_response):
    
        """Test API prediction flow"""
    
        X, y = sample_X_y
    
    
    
        # Simulate API prediction
    
        def make_prediction(features):
    
            # Simple mock prediction
    
            return np.mean(features[:, 0]) * 0.01
    
    
    
        predictions = make_prediction(X)
    
    
    
>       assert len(predictions) == len(y)
               ^^^^^^^^^^^^^^^^
E       TypeError: object of type 'numpy.float64' has no len()

tests\test_integration\test_end_to_end.py:189: TypeError
_______________ TestPipelineIntegration.test_training_pipeline ________________

self = <test_pipeline.TestPipelineIntegration object at 0x000001F7D9C0CE10>
sample_X_y = (array([[102.48357077, 104.58163837, 100.04126378, ...,          nan,
         57.57905396,          nan],
       [ 99..., -5.80456930e-02,
        5.23554765e-03,  8.89459769e-02, -9.52925988e-02, -2.89572178e-02,
       -1.00530675e-01]))

    def test_training_pipeline(self, sample_X_y):
    
        """Test training pipeline"""
    
        X, y = sample_X_y
    
    
    
>       pipeline = TrainingPipeline(models_dir=self.models_dir)
                   ^^^^^^^^^^^^^^^^^^^^^^^^^^^^^^^^^^^^^^^^^^^^
E       TypeError: TrainingPipeline.__init__() got an unexpected keyword argument 'models_dir'

tests\test_integration\test_pipeline.py:59: TypeError
______________ TestPipelineIntegration.test_prediction_pipeline _______________

self = <test_pipeline.TestPipelineIntegration object at 0x000001F7DB38A210>
sample_X_y = (array([[102.48357077, 104.58163837, 100.04126378, ...,          nan,
         57.57905396,          nan],
       [ 99..., -5.80456930e-02,
        5.23554765e-03,  8.89459769e-02, -9.52925988e-02, -2.89572178e-02,
       -1.00530675e-01]))

    def test_prediction_pipeline(self, sample_X_y):
    
        """Test prediction pipeline"""
    
        X, y = sample_X_y
    
    
    
        # First train
    
>       train_pipeline = TrainingPipeline(models_dir=self.models_dir)
                         ^^^^^^^^^^^^^^^^^^^^^^^^^^^^^^^^^^^^^^^^^^^^
E       TypeError: TrainingPipeline.__init__() got an unexpected keyword argument 'models_dir'

tests\test_integration\test_pipeline.py:83: TypeError
________________ TestPipelineIntegration.test_end_to_end_flow _________________

self = <test_pipeline.TestPipelineIntegration object at 0x000001F7DB3F48A0>
sample_X_y = (array([[102.48357077, 104.58163837, 100.04126378, ...,          nan,
         57.57905396,          nan],
       [ 99..., -5.80456930e-02,
        5.23554765e-03,  8.89459769e-02, -9.52925988e-02, -2.89572178e-02,
       -1.00530675e-01]))

    def test_end_to_end_flow(self, sample_X_y):
    
        """Test end-to-end pipeline flow"""
    
        X, y = sample_X_y
    
    
    
        # Split data
    
        split_idx = int(len(X) * 0.8)
    
        X_train, X_test = X[:split_idx], X[split_idx:]
    
        y_train, y_test = y[:split_idx], y[split_idx:]
    
    
    
        # Train
    
>       train_pipeline = TrainingPipeline(models_dir=self.models_dir)
                         ^^^^^^^^^^^^^^^^^^^^^^^^^^^^^^^^^^^^^^^^^^^^
E       TypeError: TrainingPipeline.__init__() got an unexpected keyword argument 'models_dir'

tests\test_integration\test_pipeline.py:121: TypeError
__________________ TestEnsembleModels.test_stacking_ensemble __________________
joblib.externals.loky.process_executor._RemoteTraceback: 
"""
Traceback (most recent call last):
  File "C:\Users\nyvra\miniconda3\Lib\site-packages\joblib\externals\loky\process_executor.py", line 490, in _process_worker
    r = call_item()
  File "C:\Users\nyvra\miniconda3\Lib\site-packages\joblib\externals\loky\process_executor.py", line 291, in __call__
    return self.fn(*self.args, **self.kwargs)
           ~~~~~~~^^^^^^^^^^^^^^^^^^^^^^^^^^^
  File "C:\Users\nyvra\miniconda3\Lib\site-packages\joblib\parallel.py", line 607, in __call__
    return [func(*args, **kwargs) for func, args, kwargs in self.items]
            ~~~~^^^^^^^^^^^^^^^^^
  File "C:\Users\nyvra\miniconda3\Lib\site-packages\sklearn\utils\parallel.py", line 184, in __call__
    return self.function(*args, **kwargs)
           ~~~~~~~~~~~~~^^^^^^^^^^^^^^^^^
  File "C:\Users\nyvra\miniconda3\Lib\site-packages\sklearn\ensemble\_base.py", line 45, in _fit_single_estimator
    estimator.fit(X, y, **fit_params)
    ~~~~~~~~~~~~~^^^^^^^^^^^^^^^^^^^^
  File "C:\Users\nyvra\miniconda3\Lib\site-packages\sklearn\base.py", line 1336, in wrapper
    return fit_method(estimator, *args, **kwargs)
  File "C:\Users\nyvra\miniconda3\Lib\site-packages\sklearn\linear_model\_ridge.py", line 1254, in fit
    X, y = validate_data(
           ~~~~~~~~~~~~~^
        self,
        ^^^^^
    ...<6 lines>...
        y_numeric=True,
        ^^^^^^^^^^^^^^^
    )
    ^
  File "C:\Users\nyvra\miniconda3\Lib\site-packages\sklearn\utils\validation.py", line 2919, in validate_data
    X, y = check_X_y(X, y, **check_params)
           ~~~~~~~~~^^^^^^^^^^^^^^^^^^^^^^
  File "C:\Users\nyvra\miniconda3\Lib\site-packages\sklearn\utils\validation.py", line 1314, in check_X_y
    X = check_array(
        X,
    ...<12 lines>...
        input_name="X",
    )
  File "C:\Users\nyvra\miniconda3\Lib\site-packages\sklearn\utils\validation.py", line 1074, in check_array
    _assert_all_finite(
    ~~~~~~~~~~~~~~~~~~^
        array,
        ^^^^^^
    ...<2 lines>...
        allow_nan=ensure_all_finite == "allow-nan",
        ^^^^^^^^^^^^^^^^^^^^^^^^^^^^^^^^^^^^^^^^^^^
    )
    ^
  File "C:\Users\nyvra\miniconda3\Lib\site-packages\sklearn\utils\validation.py", line 133, in _assert_all_finite
    _assert_all_finite_element_wise(
    ~~~~~~~~~~~~~~~~~~~~~~~~~~~~~~~^
        X,
        ^^
    ...<4 lines>...
        input_name=input_name,
        ^^^^^^^^^^^^^^^^^^^^^^
    )
    ^
  File "C:\Users\nyvra\miniconda3\Lib\site-packages\sklearn\utils\validation.py", line 182, in _assert_all_finite_element_wise
    raise ValueError(msg_err)
ValueError: Input X contains NaN.
Ridge does not accept missing values encoded as NaN natively. For supervised learning, you might want to consider sklearn.ensemble.HistGradientBoostingClassifier and Regressor which accept missing values encoded as NaNs natively. Alternatively, it is possible to preprocess the data, for instance by using an imputer transformer in a pipeline or drop samples with missing values. See https://scikit-learn.org/stable/modules/impute.html You can find a list of all estimators that handle NaN values at the following page: https://scikit-learn.org/stable/modules/impute.html#estimators-that-handle-nan-values
"""

The above exception was the direct cause of the following exception:

self = <test_ensemble.TestEnsembleModels object at 0x000001F7DB5C0CD0>
sample_X_y = (array([[102.48357077, 104.58163837, 100.04126378, ...,          nan,
         57.57905396,          nan],
       [ 99..., -5.80456930e-02,
        5.23554765e-03,  8.89459769e-02, -9.52925988e-02, -2.89572178e-02,
       -1.00530675e-01]))
base_models = {'lasso': Lasso(alpha=0.1), 'ridge': Ridge()}

    def test_stacking_ensemble(self, sample_X_y, base_models):
        """Test stacking ensemble"""
        X, y = sample_X_y
    
        ensemble = StackingEnsemble(base_models=base_models)
>       ensemble.train(X, y)

tests\test_models\test_ensemble.py:26: 
_ _ _ _ _ _ _ _ _ _ _ _ _ _ _ _ _ _ _ _ _ _ _ _ _ _ _ _ _ _ _ _ _ _ _ _ _ _ _ _
src\models\base.py:75: in train
    self.model.fit(X_train, y_train)
..\..\miniconda3\Lib\site-packages\sklearn\ensemble\_stacking.py:1043: in fit
    return super().fit(X, y, **fit_params)
           ^^^^^^^^^^^^^^^^^^^^^^^^^^^^^^^
..\..\miniconda3\Lib\site-packages\sklearn\base.py:1336: in wrapper
    return fit_method(estimator, *args, **kwargs)
           ^^^^^^^^^^^^^^^^^^^^^^^^^^^^^^^^^^^^^^
..\..\miniconda3\Lib\site-packages\sklearn\ensemble\_stacking.py:211: in fit
    self.estimators_ = Parallel(n_jobs=self.n_jobs)(
..\..\miniconda3\Lib\site-packages\sklearn\utils\parallel.py:91: in __call__
    return super().__call__(iterable_with_config_and_warning_filters)
           ^^^^^^^^^^^^^^^^^^^^^^^^^^^^^^^^^^^^^^^^^^^^^^^^^^^^^^^^^^
..\..\miniconda3\Lib\site-packages\joblib\parallel.py:2072: in __call__
    return output if self.return_generator else list(output)
                                                ^^^^^^^^^^^^
..\..\miniconda3\Lib\site-packages\joblib\parallel.py:1682: in _get_outputs
    yield from self._retrieve()
..\..\miniconda3\Lib\site-packages\joblib\parallel.py:1784: in _retrieve
    self._raise_error_fast()
..\..\miniconda3\Lib\site-packages\joblib\parallel.py:1859: in _raise_error_fast
    error_job.get_result(self.timeout)
..\..\miniconda3\Lib\site-packages\joblib\parallel.py:758: in get_result
    return self._return_or_raise()
           ^^^^^^^^^^^^^^^^^^^^^^^
_ _ _ _ _ _ _ _ _ _ _ _ _ _ _ _ _ _ _ _ _ _ _ _ _ _ _ _ _ _ _ _ _ _ _ _ _ _ _ _

self = <joblib.parallel.BatchCompletionCallBack object at 0x000001F7DB6A67B0>

    def _return_or_raise(self):
        try:
            if self.status == TASK_ERROR:
>               raise self._result
E               ValueError: Input X contains NaN.
E               Ridge does not accept missing values encoded as NaN natively. For supervised learning, you might want to consider sklearn.ensemble.HistGradientBoostingClassifier and Regressor which accept missing values encoded as NaNs natively. Alternatively, it is possible to preprocess the data, for instance by using an imputer transformer in a pipeline or drop samples with missing values. See https://scikit-learn.org/stable/modules/impute.html You can find a list of all estimators that handle NaN values at the following page: https://scikit-learn.org/stable/modules/impute.html#estimators-that-handle-nan-values

..\..\miniconda3\Lib\site-packages\joblib\parallel.py:773: ValueError
___________________ TestEnsembleModels.test_voting_ensemble ___________________

self = <test_ensemble.TestEnsembleModels object at 0x000001F7DB5C0E10>
sample_X_y = (array([[102.48357077, 104.58163837, 100.04126378, ...,          nan,
         57.57905396,          nan],
       [ 99..., -5.80456930e-02,
        5.23554765e-03,  8.89459769e-02, -9.52925988e-02, -2.89572178e-02,
       -1.00530675e-01]))
base_models = {'lasso': Lasso(alpha=0.1), 'ridge': Ridge()}

    def test_voting_ensemble(self, sample_X_y, base_models):
        """Test voting ensemble"""
        X, y = sample_X_y
    
        ensemble = VotingEnsemble(base_models=base_models)
>       ensemble.train(X, y)

tests\test_models\test_ensemble.py:37: 
_ _ _ _ _ _ _ _ _ _ _ _ _ _ _ _ _ _ _ _ _ _ _ _ _ _ _ _ _ _ _ _ _ _ _ _ _ _ _ _
src\models\base.py:75: in train
    self.model.fit(X_train, y_train)
..\..\miniconda3\Lib\site-packages\sklearn\base.py:1336: in wrapper
    return fit_method(estimator, *args, **kwargs)
           ^^^^^^^^^^^^^^^^^^^^^^^^^^^^^^^^^^^^^^
..\..\miniconda3\Lib\site-packages\sklearn\ensemble\_voting.py:678: in fit
    return super().fit(X, y, **fit_params)
           ^^^^^^^^^^^^^^^^^^^^^^^^^^^^^^^
..\..\miniconda3\Lib\site-packages\sklearn\ensemble\_voting.py:99: in fit
    self.estimators_ = Parallel(n_jobs=self.n_jobs)(
..\..\miniconda3\Lib\site-packages\sklearn\utils\parallel.py:91: in __call__
    return super().__call__(iterable_with_config_and_warning_filters)
           ^^^^^^^^^^^^^^^^^^^^^^^^^^^^^^^^^^^^^^^^^^^^^^^^^^^^^^^^^^
..\..\miniconda3\Lib\site-packages\joblib\parallel.py:1986: in __call__
    return output if self.return_generator else list(output)
                                                ^^^^^^^^^^^^
..\..\miniconda3\Lib\site-packages\joblib\parallel.py:1914: in _get_sequential_output
    res = func(*args, **kwargs)
          ^^^^^^^^^^^^^^^^^^^^^
..\..\miniconda3\Lib\site-packages\sklearn\utils\parallel.py:184: in __call__
    return self.function(*args, **kwargs)
           ^^^^^^^^^^^^^^^^^^^^^^^^^^^^^^
..\..\miniconda3\Lib\site-packages\sklearn\ensemble\_base.py:45: in _fit_single_estimator
    estimator.fit(X, y, **fit_params)
..\..\miniconda3\Lib\site-packages\sklearn\base.py:1336: in wrapper
    return fit_method(estimator, *args, **kwargs)
           ^^^^^^^^^^^^^^^^^^^^^^^^^^^^^^^^^^^^^^
..\..\miniconda3\Lib\site-packages\sklearn\linear_model\_ridge.py:1254: in fit
    X, y = validate_data(
..\..\miniconda3\Lib\site-packages\sklearn\utils\validation.py:2919: in validate_data
    X, y = check_X_y(X, y, **check_params)
           ^^^^^^^^^^^^^^^^^^^^^^^^^^^^^^^
..\..\miniconda3\Lib\site-packages\sklearn\utils\validation.py:1314: in check_X_y
    X = check_array(
..\..\miniconda3\Lib\site-packages\sklearn\utils\validation.py:1074: in check_array
    _assert_all_finite(
..\..\miniconda3\Lib\site-packages\sklearn\utils\validation.py:133: in _assert_all_finite
    _assert_all_finite_element_wise(
_ _ _ _ _ _ _ _ _ _ _ _ _ _ _ _ _ _ _ _ _ _ _ _ _ _ _ _ _ _ _ _ _ _ _ _ _ _ _ _

X = array([[102.48357077, 104.58163837, 100.04126378, ...,          nan,
         57.57905396,          nan],
       [ 99....   [102.59673257, 106.44876377, 101.63814772, ...,   1.10304219,
         62.31984471,   1.65828117]], shape=(361, 11))

    def _assert_all_finite_element_wise(
        X, *, xp, allow_nan, msg_dtype=None, estimator_name=None, input_name=""
    ):
        # Cython implementation doesn't support FP16 or complex numbers
        use_cython = (
            xp is np and X.data.contiguous and X.dtype.type in {np.float32, np.float64}
        )
        if use_cython:
            out = cy_isfinite(X.reshape(-1), allow_nan=allow_nan)
            has_nan_error = False if allow_nan else out == FiniteStatus.has_nan
            has_inf = out == FiniteStatus.has_infinite
        else:
            has_inf = xp.any(xp.isinf(X))
            has_nan_error = False if allow_nan else xp.any(xp.isnan(X))
        if has_inf or has_nan_error:
            if has_nan_error:
                type_err = "NaN"
            else:
                msg_dtype = msg_dtype if msg_dtype is not None else X.dtype
                type_err = f"infinity or a value too large for {msg_dtype!r}"
            padded_input_name = input_name + " " if input_name else ""
            msg_err = f"Input {padded_input_name}contains {type_err}."
            if estimator_name and input_name == "X" and has_nan_error:
                # Improve the error message on how to handle missing values in
                # scikit-learn.
                msg_err += (
                    f"\n{estimator_name} does not accept missing values"
                    " encoded as NaN natively. For supervised learning, you might want"
                    " to consider sklearn.ensemble.HistGradientBoostingClassifier and"
                    " Regressor which accept missing values encoded as NaNs natively."
                    " Alternatively, it is possible to preprocess the data, for"
                    " instance by using an imputer transformer in a pipeline or drop"
                    " samples with missing values. See"
                    " https://scikit-learn.org/stable/modules/impute.html"
                    " You can find a list of all estimators that handle NaN values"
                    " at the following page:"
                    " https://scikit-learn.org/stable/modules/impute.html"
                    "#estimators-that-handle-nan-values"
                )
>           raise ValueError(msg_err)
E           ValueError: Input X contains NaN.
E           Ridge does not accept missing values encoded as NaN natively. For supervised learning, you might want to consider sklearn.ensemble.HistGradientBoostingClassifier and Regressor which accept missing values encoded as NaNs natively. Alternatively, it is possible to preprocess the data, for instance by using an imputer transformer in a pipeline or drop samples with missing values. See https://scikit-learn.org/stable/modules/impute.html You can find a list of all estimators that handle NaN values at the following page: https://scikit-learn.org/stable/modules/impute.html#estimators-that-handle-nan-values

..\..\miniconda3\Lib\site-packages\sklearn\utils\validation.py:182: ValueError
__________________ TestEnsembleModels.test_optimize_weights ___________________

self = <test_ensemble.TestEnsembleModels object at 0x000001F7DB5D4770>
sample_X_y = (array([[102.48357077, 104.58163837, 100.04126378, ...,          nan,
         57.57905396,          nan],
       [ 99..., -5.80456930e-02,
        5.23554765e-03,  8.89459769e-02, -9.52925988e-02, -2.89572178e-02,
       -1.00530675e-01]))
base_models = {'lasso': Lasso(alpha=0.1), 'ridge': Ridge()}

    def test_optimize_weights(self, sample_X_y, base_models):
        """Test weight optimization"""
        X, y = sample_X_y
    
        # Need to pre-fit the base models for optimize_weights to work normally,
        # but optimize_weights just calls .predict() on them.
        # For testing, we mock or fit manually inside the base models
        for name, m in base_models.items():
>           m.fit(X, y)

tests\test_models\test_ensemble.py:51: 
_ _ _ _ _ _ _ _ _ _ _ _ _ _ _ _ _ _ _ _ _ _ _ _ _ _ _ _ _ _ _ _ _ _ _ _ _ _ _ _
..\..\miniconda3\Lib\site-packages\sklearn\base.py:1336: in wrapper
    return fit_method(estimator, *args, **kwargs)
           ^^^^^^^^^^^^^^^^^^^^^^^^^^^^^^^^^^^^^^
..\..\miniconda3\Lib\site-packages\sklearn\linear_model\_ridge.py:1254: in fit
    X, y = validate_data(
..\..\miniconda3\Lib\site-packages\sklearn\utils\validation.py:2919: in validate_data
    X, y = check_X_y(X, y, **check_params)
           ^^^^^^^^^^^^^^^^^^^^^^^^^^^^^^^
..\..\miniconda3\Lib\site-packages\sklearn\utils\validation.py:1314: in check_X_y
    X = check_array(
..\..\miniconda3\Lib\site-packages\sklearn\utils\validation.py:1074: in check_array
    _assert_all_finite(
..\..\miniconda3\Lib\site-packages\sklearn\utils\validation.py:133: in _assert_all_finite
    _assert_all_finite_element_wise(
_ _ _ _ _ _ _ _ _ _ _ _ _ _ _ _ _ _ _ _ _ _ _ _ _ _ _ _ _ _ _ _ _ _ _ _ _ _ _ _

X = array([[102.48357077, 104.58163837, 100.04126378, ...,          nan,
         57.57905396,          nan],
       [ 99....   [102.59673257, 106.44876377, 101.63814772, ...,   1.10304219,
         62.31984471,   1.65828117]], shape=(361, 11))

    def _assert_all_finite_element_wise(
        X, *, xp, allow_nan, msg_dtype=None, estimator_name=None, input_name=""
    ):
        # Cython implementation doesn't support FP16 or complex numbers
        use_cython = (
            xp is np and X.data.contiguous and X.dtype.type in {np.float32, np.float64}
        )
        if use_cython:
            out = cy_isfinite(X.reshape(-1), allow_nan=allow_nan)
            has_nan_error = False if allow_nan else out == FiniteStatus.has_nan
            has_inf = out == FiniteStatus.has_infinite
        else:
            has_inf = xp.any(xp.isinf(X))
            has_nan_error = False if allow_nan else xp.any(xp.isnan(X))
        if has_inf or has_nan_error:
            if has_nan_error:
                type_err = "NaN"
            else:
                msg_dtype = msg_dtype if msg_dtype is not None else X.dtype
                type_err = f"infinity or a value too large for {msg_dtype!r}"
            padded_input_name = input_name + " " if input_name else ""
            msg_err = f"Input {padded_input_name}contains {type_err}."
            if estimator_name and input_name == "X" and has_nan_error:
                # Improve the error message on how to handle missing values in
                # scikit-learn.
                msg_err += (
                    f"\n{estimator_name} does not accept missing values"
                    " encoded as NaN natively. For supervised learning, you might want"
                    " to consider sklearn.ensemble.HistGradientBoostingClassifier and"
                    " Regressor which accept missing values encoded as NaNs natively."
                    " Alternatively, it is possible to preprocess the data, for"
                    " instance by using an imputer transformer in a pipeline or drop"
                    " samples with missing values. See"
                    " https://scikit-learn.org/stable/modules/impute.html"
                    " You can find a list of all estimators that handle NaN values"
                    " at the following page:"
                    " https://scikit-learn.org/stable/modules/impute.html"
                    "#estimators-that-handle-nan-values"
                )
>           raise ValueError(msg_err)
E           ValueError: Input X contains NaN.
E           Ridge does not accept missing values encoded as NaN natively. For supervised learning, you might want to consider sklearn.ensemble.HistGradientBoostingClassifier and Regressor which accept missing values encoded as NaNs natively. Alternatively, it is possible to preprocess the data, for instance by using an imputer transformer in a pipeline or drop samples with missing values. See https://scikit-learn.org/stable/modules/impute.html You can find a list of all estimators that handle NaN values at the following page: https://scikit-learn.org/stable/modules/impute.html#estimators-that-handle-nan-values

..\..\miniconda3\Lib\site-packages\sklearn\utils\validation.py:182: ValueError
______________________ TestLinearModels.test_train_ridge ______________________

self = <test_linear.TestLinearModels object at 0x000001F7DB4E7230>
sample_X_y = (array([[102.48357077, 104.58163837, 100.04126378, ...,          nan,
         57.57905396,          nan],
       [ 99..., -5.80456930e-02,
        5.23554765e-03,  8.89459769e-02, -9.52925988e-02, -2.89572178e-02,
       -1.00530675e-01]))

    def test_train_ridge(self, sample_X_y):
        """Test Ridge regression training"""
        X, y = sample_X_y
    
        model = RidgeModel()
        # Ensure train method works gracefully
        pipeline, metrics = model.train(X, y)
    
        assert pipeline is not None
>       assert 'rmse' in metrics
E       AssertionError: assert 'rmse' in 'train_mae'

tests\test_models\test_linear.py:34: AssertionError
______________________ TestLinearModels.test_train_lasso ______________________

self = <test_linear.TestLinearModels object at 0x000001F7DB4E7E10>
sample_X_y = (array([[102.48357077, 104.58163837, 100.04126378, ...,          nan,
         57.57905396,          nan],
       [ 99..., -5.80456930e-02,
        5.23554765e-03,  8.89459769e-02, -9.52925988e-02, -2.89572178e-02,
       -1.00530675e-01]))

    def test_train_lasso(self, sample_X_y):
        """Test Lasso regression training"""
        X, y = sample_X_y
    
        model = LassoModel()
        pipeline, metrics = model.train(X, y)
    
        assert pipeline is not None
>       assert 'rmse' in metrics
E       AssertionError: assert 'rmse' in 'train_mae'

tests\test_models\test_linear.py:45: AssertionError
_________________________ TestXGBoostModel.test_train _________________________

self = <test_xgboost.TestXGBoostModel object at 0x000001F7DB5C1310>
sample_X_y = (array([[102.48357077, 104.58163837, 100.04126378, ...,          nan,
         57.57905396,          nan],
       [ 99..., -5.80456930e-02,
        5.23554765e-03,  8.89459769e-02, -9.52925988e-02, -2.89572178e-02,
       -1.00530675e-01]))

    def test_train(self, sample_X_y):
    
        """Test training"""
    
        X, y = sample_X_y
    
    
    
        model = XGBoostModel()
    
        trained_model, metrics = model.train(X, y)
    
    
    
        assert trained_model is not None
    
>       assert 'rmse' in metrics
E       AssertionError: assert 'rmse' in 'train_mae'

tests\test_models\test_xgboost.py:53: AssertionError
________________________ TestXGBoostModel.test_predict ________________________

self = <test_xgboost.TestXGBoostModel object at 0x000001F7DB5D48A0>
sample_X_y = (array([[102.48357077, 104.58163837, 100.04126378, ...,          nan,
         57.57905396,          nan],
       [ 99..., -5.80456930e-02,
        5.23554765e-03,  8.89459769e-02, -9.52925988e-02, -2.89572178e-02,
       -1.00530675e-01]))

    def test_predict(self, sample_X_y):
    
        """Test prediction"""
    
        X, y = sample_X_y
    
    
    
        model = XGBoostModel()
    
        trained_model, _ = model.train(X, y)
    
>       predictions = model.predict(trained_model, X)
                      ^^^^^^^^^^^^^^^^^^^^^^^^^^^^^^^
E       TypeError: BaseModel.predict() takes 2 positional arguments but 3 were given

tests\test_models\test_xgboost.py:71: TypeError
__________________ TestXGBoostModel.test_feature_importance ___________________

self = <test_xgboost.TestXGBoostModel object at 0x000001F7DB5D49D0>
sample_X_y = (array([[102.48357077, 104.58163837, 100.04126378, ...,          nan,
         57.57905396,          nan],
       [ 99..., -5.80456930e-02,
        5.23554765e-03,  8.89459769e-02, -9.52925988e-02, -2.89572178e-02,
       -1.00530675e-01]))

    def test_feature_importance(self, sample_X_y):
    
        """Test feature importance"""
    
        X, y = sample_X_y
    
    
    
        model = XGBoostModel()
    
>       importance = model.get_feature_importance(X, y)
                     ^^^^^^^^^^^^^^^^^^^^^^^^^^^^^^^^^^
E       TypeError: BaseModel.get_feature_importance() takes 1 positional argument but 3 were given

tests\test_models\test_xgboost.py:89: TypeError
_________________ TestXGBoostModel.test_hyperparameter_tuning _________________

self = <test_xgboost.TestXGBoostModel object at 0x000001F7DB5C7D10>
sample_X_y = (array([[102.48357077, 104.58163837, 100.04126378, ...,          nan,
         57.57905396,          nan],
       [ 99..., -5.80456930e-02,
        5.23554765e-03,  8.89459769e-02, -9.52925988e-02, -2.89572178e-02,
       -1.00530675e-01]))

    def test_hyperparameter_tuning(self, sample_X_y):
    
        """Test hyperparameter tuning with Optuna"""
    
        X, y = sample_X_y
    
    
    
        model = XGBoostModel()
    
>       best_params = model.tune_hyperparameters(X, y, n_trials=5)
                      ^^^^^^^^^^^^^^^^^^^^^^^^^^
E       AttributeError: 'XGBoostModel' object has no attribute 'tune_hyperparameters'

tests\test_models\test_xgboost.py:109: AttributeError
=========================== short test summary info ===========================
FAILED tests/test_data/test_cleaner.py::TestDataCleaner::test_handle_missing_values
FAILED tests/test_data/test_cleaner.py::TestDataCleaner::test_remove_duplicates
FAILED tests/test_data/test_cleaner.py::TestDataCleaner::test_handle_outliers
FAILED tests/test_data/test_cleaner.py::TestDataCleaner::test_fill_missing_values_methods
FAILED tests/test_data/test_cleaner.py::TestDataCleaner::test_validate_ranges
FAILED tests/test_data/test_collector.py::TestDataCollector::test_fetch_data_with_retry
FAILED tests/test_data/test_collector.py::TestDataCollector::test_validate_data
FAILED tests/test_data/test_collector.py::TestDataCollector::test_validate_data_missing_columns
FAILED tests/test_data/test_collector.py::TestYahooFinanceCollector::test_init
FAILED tests/test_data/test_collector.py::TestYahooFinanceCollector::test_get_ticker_info
FAILED tests/test_data/test_validator.py::TestDataValidator::test_validate_completeness
FAILED tests/test_data/test_validator.py::TestDataValidator::test_validate_accuracy
FAILED tests/test_data/test_validator.py::TestDataValidator::test_validate_consistency
FAILED tests/test_data/test_validator.py::TestDataValidator::test_generate_quality_report
FAILED tests/test_data/test_validator.py::TestDataValidator::test_validate_data_types
FAILED tests/test_evaluation/test_backtest.py::TestBacktestEngine::test_walk_forward_split
FAILED tests/test_evaluation/test_backtest.py::TestBacktestEngine::test_expanding_window_split
FAILED tests/test_evaluation/test_backtest.py::TestBacktestEngine::test_calculate_returns
FAILED tests/test_evaluation/test_backtest.py::TestBacktestEngine::test_calculate_sharpe_ratio
FAILED tests/test_evaluation/test_metrics.py::TestMetricsCalculator::test_calculate_rmse
FAILED tests/test_evaluation/test_metrics.py::TestMetricsCalculator::test_calculate_mae
FAILED tests/test_evaluation/test_metrics.py::TestMetricsCalculator::test_calculate_r2
FAILED tests/test_evaluation/test_metrics.py::TestMetricsCalculator::test_direction_accuracy
FAILED tests/test_features/test_engineering.py::TestFeatureEngineer::test_add_moving_averages
FAILED tests/test_features/test_engineering.py::TestFeatureEngineer::test_add_rsi
FAILED tests/test_features/test_engineering.py::TestFeatureEngineer::test_add_macd
FAILED tests/test_features/test_engineering.py::TestFeatureEngineer::test_add_bollinger_bands
FAILED tests/test_features/test_engineering.py::TestFeatureEngineer::test_add_volatility
FAILED tests/test_features/test_selection.py::TestFeatureSelector::test_correlation_selection
FAILED tests/test_features/test_selection.py::TestFeatureSelector::test_mutual_info_selection
FAILED tests/test_features/test_selection.py::TestFeatureSelector::test_rfe_selection
FAILED tests/test_features/test_selection.py::TestFeatureSelector::test_ensemble_selection
FAILED tests/test_features/test_technical.py::TestTechnicalIndicators::test_calculate_rsi
FAILED tests/test_features/test_technical.py::TestTechnicalIndicators::test_calculate_macd
FAILED tests/test_features/test_technical.py::TestTechnicalIndicators::test_calculate_bollinger_bands
FAILED tests/test_features/test_technical.py::TestTechnicalIndicators::test_calculate_atr
FAILED tests/test_features/test_technical.py::TestTechnicalIndicators::test_calculate_obv
FAILED tests/test_integration/test_end_to_end.py::TestEndToEnd::test_data_to_prediction_flow
FAILED tests/test_integration/test_end_to_end.py::TestEndToEnd::test_api_prediction_flow
FAILED tests/test_integration/test_pipeline.py::TestPipelineIntegration::test_training_pipeline
FAILED tests/test_integration/test_pipeline.py::TestPipelineIntegration::test_prediction_pipeline
FAILED tests/test_integration/test_pipeline.py::TestPipelineIntegration::test_end_to_end_flow
FAILED tests/test_models/test_ensemble.py::TestEnsembleModels::test_stacking_ensemble
FAILED tests/test_models/test_ensemble.py::TestEnsembleModels::test_voting_ensemble
FAILED tests/test_models/test_ensemble.py::TestEnsembleModels::test_optimize_weights
FAILED tests/test_models/test_linear.py::TestLinearModels::test_train_ridge
FAILED tests/test_models/test_linear.py::TestLinearModels::test_train_lasso
FAILED tests/test_models/test_xgboost.py::TestXGBoostModel::test_train - Asse...
FAILED tests/test_models/test_xgboost.py::TestXGBoostModel::test_predict - Ty...
FAILED tests/test_models/test_xgboost.py::TestXGBoostModel::test_feature_importance
FAILED tests/test_models/test_xgboost.py::TestXGBoostModel::test_hyperparameter_tuning
======================= 51 failed, 15 passed in 10.21s ========================
