============================= test session starts =============================
platform win32 -- Python 3.13.12, pytest-9.0.2, pluggy-1.5.0 -- C:\Users\nyvra\miniconda3\python.exe
cachedir: .pytest_cache
rootdir: C:\Users\nyvra\Downloads\sp500-predictor
configfile: pyproject.toml
testpaths: tests
plugins: anyio-4.10.0
collecting ... collected 66 items

tests/test_data/test_cleaner.py::TestDataCleaner::test_init PASSED       [  1%]
tests/test_data/test_cleaner.py::TestDataCleaner::test_clean_sp500_data PASSED [  3%]
tests/test_data/test_cleaner.py::TestDataCleaner::test_handle_missing_values PASSED [  4%]
tests/test_data/test_cleaner.py::TestDataCleaner::test_remove_duplicates PASSED [  6%]
tests/test_data/test_cleaner.py::TestDataCleaner::test_handle_outliers PASSED [  7%]
tests/test_data/test_cleaner.py::TestDataCleaner::test_fill_missing_values_methods PASSED [  9%]
tests/test_data/test_cleaner.py::TestDataCleaner::test_validate_ranges PASSED [ 10%]
tests/test_data/test_collector.py::TestDataCollector::test_init PASSED   [ 12%]
tests/test_data/test_collector.py::TestDataCollector::test_fetch_daily_data PASSED [ 13%]
tests/test_data/test_collector.py::TestDataCollector::test_fetch_data_with_retry PASSED [ 15%]
tests/test_data/test_collector.py::TestDataCollector::test_validate_data PASSED [ 16%]
tests/test_data/test_collector.py::TestDataCollector::test_validate_data_missing_columns PASSED [ 18%]
tests/test_data/test_collector.py::TestYahooFinanceCollector::test_init PASSED [ 19%]
tests/test_data/test_collector.py::TestYahooFinanceCollector::test_fetch_intraday_data PASSED [ 21%]
tests/test_data/test_collector.py::TestYahooFinanceCollector::test_get_ticker_info PASSED [ 22%]
tests/test_data/test_validator.py::TestDataValidator::test_init PASSED   [ 24%]
tests/test_data/test_validator.py::TestDataValidator::test_validate_completeness PASSED [ 25%]
tests/test_data/test_validator.py::TestDataValidator::test_validate_accuracy PASSED [ 27%]
tests/test_data/test_validator.py::TestDataValidator::test_validate_consistency PASSED [ 28%]
tests/test_data/test_validator.py::TestDataValidator::test_generate_quality_report PASSED [ 30%]
tests/test_data/test_validator.py::TestDataValidator::test_quality_score_perfect_data PASSED [ 31%]
tests/test_data/test_validator.py::TestDataValidator::test_validate_data_types PASSED [ 33%]
tests/test_evaluation/test_backtest.py::TestBacktestEngine::test_init PASSED [ 34%]
tests/test_evaluation/test_backtest.py::TestBacktestEngine::test_walk_forward_split PASSED [ 36%]
tests/test_evaluation/test_backtest.py::TestBacktestEngine::test_expanding_window_split PASSED [ 37%]
tests/test_evaluation/test_backtest.py::TestBacktestEngine::test_calculate_returns PASSED [ 39%]
tests/test_evaluation/test_backtest.py::TestBacktestEngine::test_calculate_sharpe_ratio PASSED [ 40%]
tests/test_evaluation/test_metrics.py::TestMetricsCalculator::test_calculate_rmse PASSED [ 42%]
tests/test_evaluation/test_metrics.py::TestMetricsCalculator::test_calculate_mae PASSED [ 43%]
tests/test_evaluation/test_metrics.py::TestMetricsCalculator::test_calculate_r2 PASSED [ 45%]
tests/test_evaluation/test_metrics.py::TestMetricsCalculator::test_direction_accuracy PASSED [ 46%]
tests/test_features/test_engineering.py::TestFeatureEngineer::test_init PASSED [ 48%]
tests/test_features/test_engineering.py::TestFeatureEngineer::test_add_moving_averages PASSED [ 50%]
tests/test_features/test_engineering.py::TestFeatureEngineer::test_add_rsi PASSED [ 51%]
tests/test_features/test_engineering.py::TestFeatureEngineer::test_add_macd PASSED [ 53%]
tests/test_features/test_engineering.py::TestFeatureEngineer::test_add_bollinger_bands PASSED [ 54%]
tests/test_features/test_engineering.py::TestFeatureEngineer::test_add_volatility PASSED [ 56%]
tests/test_features/test_engineering.py::TestFeatureEngineer::test_create_all_features PASSED [ 57%]
tests/test_features/test_selection.py::TestFeatureSelector::test_init PASSED [ 59%]
tests/test_features/test_selection.py::TestFeatureSelector::test_correlation_selection PASSED [ 60%]
tests/test_features/test_selection.py::TestFeatureSelector::test_mutual_info_selection PASSED [ 62%]
tests/test_features/test_selection.py::TestFeatureSelector::test_rfe_selection PASSED [ 63%]
tests/test_features/test_selection.py::TestFeatureSelector::test_ensemble_selection PASSED [ 65%]
tests/test_features/test_technical.py::TestTechnicalIndicators::test_calculate_rsi PASSED [ 66%]
tests/test_features/test_technical.py::TestTechnicalIndicators::test_calculate_macd PASSED [ 68%]
tests/test_features/test_technical.py::TestTechnicalIndicators::test_calculate_bollinger_bands PASSED [ 69%]
tests/test_features/test_technical.py::TestTechnicalIndicators::test_calculate_atr PASSED [ 71%]
tests/test_features/test_technical.py::TestTechnicalIndicators::test_calculate_obv PASSED [ 72%]
tests/test_integration/test_end_to_end.py::TestEndToEnd::test_data_to_prediction_flow FAILED [ 74%]
tests/test_integration/test_end_to_end.py::TestEndToEnd::test_api_prediction_flow FAILED [ 75%]
tests/test_integration/test_pipeline.py::TestPipelineIntegration::test_training_pipeline FAILED [ 77%]
tests/test_integration/test_pipeline.py::TestPipelineIntegration::test_prediction_pipeline PASSED [ 78%]
tests/test_integration/test_pipeline.py::TestPipelineIntegration::test_end_to_end_flow PASSED [ 80%]
tests/test_models/test_ensemble.py::TestEnsembleModels::test_stacking_ensemble FAILED [ 81%]
tests/test_models/test_ensemble.py::TestEnsembleModels::test_voting_ensemble FAILED [ 83%]
tests/test_models/test_ensemble.py::TestEnsembleModels::test_optimize_weights FAILED [ 84%]
tests/test_models/test_linear.py::TestLinearModels::test_ridge_init PASSED [ 86%]
tests/test_models/test_linear.py::TestLinearModels::test_lasso_init PASSED [ 87%]
tests/test_models/test_linear.py::TestLinearModels::test_train_ridge FAILED [ 89%]
tests/test_models/test_linear.py::TestLinearModels::test_train_lasso FAILED [ 90%]
tests/test_models/test_linear.py::TestLinearModels::test_predict PASSED  [ 92%]
tests/test_models/test_xgboost.py::TestXGBoostModel::test_init PASSED    [ 93%]
tests/test_models/test_xgboost.py::TestXGBoostModel::test_train PASSED   [ 95%]
tests/test_models/test_xgboost.py::TestXGBoostModel::test_predict PASSED [ 96%]
tests/test_models/test_xgboost.py::TestXGBoostModel::test_feature_importance PASSED [ 98%]
tests/test_models/test_xgboost.py::TestXGBoostModel::test_hyperparameter_tuning PASSED [100%]

================================== FAILURES ===================================
__________________ TestEndToEnd.test_data_to_prediction_flow __________________

self = <test_end_to_end.TestEndToEnd object at 0x00000212BCC70B90>
sample_data =                   open        high  ...  log_returns  volatility
2024-01-01  102.483571  104.581638  ...          NaN ...  ...    -0.018096    1.109187
2024-12-26  102.596733  106.448764  ...     0.043615    1.103042

[361 rows x 9 columns]

    def test_data_to_prediction_flow(self, sample_data):
    
        """Test complete data to prediction flow"""
    
    
    
        # 1. Save test data
    
        data_path = self.data_dir / "test_data.csv"
    
        sample_data.to_csv(data_path)
    
    
    
        # 2. Load and preprocess
    
        df = pd.read_csv(data_path, index_col=0, parse_dates=True)
    
    
    
        # 3. Create features
    
        from src.features.engineering import FeatureEngineer
    
        engineer = FeatureEngineer()
    
        df_features = engineer.create_all_features(df)
    
    
    
        # 4. Prepare X, y
    
        feature_cols = [col for col in df_features.columns if col != 'target']
    
        X = df_features[feature_cols].values
    
        y = df_features['target'].values
    
    
    
        # Remove NaN
    
        mask = ~np.isnan(X).any(axis=1) & ~np.isnan(y)
    
        X = X[mask]
    
        y = y[mask]
    
    
    
        # 5. Train model
    
        from src.models.gradient_boosting import XGBoostModel
    
        model = XGBoostModel()
    
        trained_model, metrics = model.train(X, y)
    
    
    
        # 6. Make predictions
    
>       predictions = model.predict(trained_model, X)
                      ^^^^^^^^^^^^^^^^^^^^^^^^^^^^^^^
E       TypeError: BaseModel.predict() takes 2 positional arguments but 3 were given

tests\test_integration\test_end_to_end.py:123: TypeError
---------------------------- Captured stdout call -----------------------------
\U0001f527 Creating features...\n\u2705 Created 34 features
____________________ TestEndToEnd.test_api_prediction_flow ____________________

self = <test_end_to_end.TestEndToEnd object at 0x00000212BCC70CD0>
sample_X_y = (array([[102.48357077, 104.58163837, 100.04126378, ...,          nan,
         50.01205475,          nan],
       [ 99..., -5.80456930e-02,
        5.23554765e-03,  8.89459769e-02, -9.52925988e-02, -2.89572178e-02,
       -1.00530675e-01]))
mock_model_response = {'confidence': 'Low', 'current_price': 5245.67, 'direction': 'BULLISH', 'model_version': '2.0.0', ...}

    def test_api_prediction_flow(self, sample_X_y, mock_model_response):
    
        """Test API prediction flow"""
    
        X, y = sample_X_y
    
    
    
        # Simulate API prediction
    
        def make_prediction(features):
    
            # Simple mock prediction
    
            return np.mean(features[:, 0]) * 0.01
    
    
    
        predictions = make_prediction(X)
    
    
    
>       assert len(predictions) == len(y)
               ^^^^^^^^^^^^^^^^
E       TypeError: object of type 'numpy.float64' has no len()

tests\test_integration\test_end_to_end.py:189: TypeError
_______________ TestPipelineIntegration.test_training_pipeline ________________

self = <test_pipeline.TestPipelineIntegration object at 0x00000212BCC70E10>
sample_X_y = (array([[102.48357077, 104.58163837, 100.04126378, ...,          nan,
         50.01205475,          nan],
       [ 99..., -5.80456930e-02,
        5.23554765e-03,  8.89459769e-02, -9.52925988e-02, -2.89572178e-02,
       -1.00530675e-01]))

    def test_training_pipeline(self, sample_X_y):
        """Test training pipeline"""
        X, y = sample_X_y
    
>       pipeline = TrainingPipeline(models_dir=self.models_dir)
                   ^^^^^^^^^^^^^^^^^^^^^^^^^^^^^^^^^^^^^^^^^^^^
E       TypeError: TrainingPipeline.__init__() got an unexpected keyword argument 'models_dir'

tests\test_integration\test_pipeline.py:30: TypeError
__________________ TestEnsembleModels.test_stacking_ensemble __________________
joblib.externals.loky.process_executor._RemoteTraceback: 
"""
Traceback (most recent call last):
  File "C:\Users\nyvra\miniconda3\Lib\site-packages\joblib\externals\loky\process_executor.py", line 490, in _process_worker
    r = call_item()
  File "C:\Users\nyvra\miniconda3\Lib\site-packages\joblib\externals\loky\process_executor.py", line 291, in __call__
    return self.fn(*self.args, **self.kwargs)
           ~~~~~~~^^^^^^^^^^^^^^^^^^^^^^^^^^^
  File "C:\Users\nyvra\miniconda3\Lib\site-packages\joblib\parallel.py", line 607, in __call__
    return [func(*args, **kwargs) for func, args, kwargs in self.items]
            ~~~~^^^^^^^^^^^^^^^^^
  File "C:\Users\nyvra\miniconda3\Lib\site-packages\sklearn\utils\parallel.py", line 184, in __call__
    return self.function(*args, **kwargs)
           ~~~~~~~~~~~~~^^^^^^^^^^^^^^^^^
  File "C:\Users\nyvra\miniconda3\Lib\site-packages\sklearn\ensemble\_base.py", line 45, in _fit_single_estimator
    estimator.fit(X, y, **fit_params)
    ~~~~~~~~~~~~~^^^^^^^^^^^^^^^^^^^^
  File "C:\Users\nyvra\miniconda3\Lib\site-packages\sklearn\base.py", line 1336, in wrapper
    return fit_method(estimator, *args, **kwargs)
  File "C:\Users\nyvra\miniconda3\Lib\site-packages\sklearn\linear_model\_coordinate_descent.py", line 1025, in fit
    X, y = validate_data(
           ~~~~~~~~~~~~~^
        self,
        ^^^^^
    ...<9 lines>...
        y_numeric=True,
        ^^^^^^^^^^^^^^^
    )
    ^
  File "C:\Users\nyvra\miniconda3\Lib\site-packages\sklearn\utils\validation.py", line 2919, in validate_data
    X, y = check_X_y(X, y, **check_params)
           ~~~~~~~~~^^^^^^^^^^^^^^^^^^^^^^
  File "C:\Users\nyvra\miniconda3\Lib\site-packages\sklearn\utils\validation.py", line 1314, in check_X_y
    X = check_array(
        X,
    ...<12 lines>...
        input_name="X",
    )
  File "C:\Users\nyvra\miniconda3\Lib\site-packages\sklearn\utils\validation.py", line 1074, in check_array
    _assert_all_finite(
    ~~~~~~~~~~~~~~~~~~^
        array,
        ^^^^^^
    ...<2 lines>...
        allow_nan=ensure_all_finite == "allow-nan",
        ^^^^^^^^^^^^^^^^^^^^^^^^^^^^^^^^^^^^^^^^^^^
    )
    ^
  File "C:\Users\nyvra\miniconda3\Lib\site-packages\sklearn\utils\validation.py", line 133, in _assert_all_finite
    _assert_all_finite_element_wise(
    ~~~~~~~~~~~~~~~~~~~~~~~~~~~~~~~^
        X,
        ^^
    ...<4 lines>...
        input_name=input_name,
        ^^^^^^^^^^^^^^^^^^^^^^
    )
    ^
  File "C:\Users\nyvra\miniconda3\Lib\site-packages\sklearn\utils\validation.py", line 182, in _assert_all_finite_element_wise
    raise ValueError(msg_err)
ValueError: Input X contains NaN.
Lasso does not accept missing values encoded as NaN natively. For supervised learning, you might want to consider sklearn.ensemble.HistGradientBoostingClassifier and Regressor which accept missing values encoded as NaNs natively. Alternatively, it is possible to preprocess the data, for instance by using an imputer transformer in a pipeline or drop samples with missing values. See https://scikit-learn.org/stable/modules/impute.html You can find a list of all estimators that handle NaN values at the following page: https://scikit-learn.org/stable/modules/impute.html#estimators-that-handle-nan-values
"""

The above exception was the direct cause of the following exception:

self = <test_ensemble.TestEnsembleModels object at 0x00000212BE5302D0>
sample_X_y = (array([[102.48357077, 104.58163837, 100.04126378, ...,          nan,
         50.01205475,          nan],
       [ 99..., -5.80456930e-02,
        5.23554765e-03,  8.89459769e-02, -9.52925988e-02, -2.89572178e-02,
       -1.00530675e-01]))
base_models = {'lasso': Lasso(alpha=0.1), 'ridge': Ridge()}

    def test_stacking_ensemble(self, sample_X_y, base_models):
        """Test stacking ensemble"""
        X, y = sample_X_y
    
        ensemble = StackingEnsemble(base_models=base_models)
>       ensemble.train(X, y)

tests\test_models\test_ensemble.py:26: 
_ _ _ _ _ _ _ _ _ _ _ _ _ _ _ _ _ _ _ _ _ _ _ _ _ _ _ _ _ _ _ _ _ _ _ _ _ _ _ _
src\models\base.py:75: in train
    self.model.fit(X_train, y_train)
..\..\miniconda3\Lib\site-packages\sklearn\ensemble\_stacking.py:1043: in fit
    return super().fit(X, y, **fit_params)
           ^^^^^^^^^^^^^^^^^^^^^^^^^^^^^^^
..\..\miniconda3\Lib\site-packages\sklearn\base.py:1336: in wrapper
    return fit_method(estimator, *args, **kwargs)
           ^^^^^^^^^^^^^^^^^^^^^^^^^^^^^^^^^^^^^^
..\..\miniconda3\Lib\site-packages\sklearn\ensemble\_stacking.py:211: in fit
    self.estimators_ = Parallel(n_jobs=self.n_jobs)(
..\..\miniconda3\Lib\site-packages\sklearn\utils\parallel.py:91: in __call__
    return super().__call__(iterable_with_config_and_warning_filters)
           ^^^^^^^^^^^^^^^^^^^^^^^^^^^^^^^^^^^^^^^^^^^^^^^^^^^^^^^^^^
..\..\miniconda3\Lib\site-packages\joblib\parallel.py:2072: in __call__
    return output if self.return_generator else list(output)
                                                ^^^^^^^^^^^^
..\..\miniconda3\Lib\site-packages\joblib\parallel.py:1682: in _get_outputs
    yield from self._retrieve()
..\..\miniconda3\Lib\site-packages\joblib\parallel.py:1784: in _retrieve
    self._raise_error_fast()
..\..\miniconda3\Lib\site-packages\joblib\parallel.py:1859: in _raise_error_fast
    error_job.get_result(self.timeout)
..\..\miniconda3\Lib\site-packages\joblib\parallel.py:758: in get_result
    return self._return_or_raise()
           ^^^^^^^^^^^^^^^^^^^^^^^
_ _ _ _ _ _ _ _ _ _ _ _ _ _ _ _ _ _ _ _ _ _ _ _ _ _ _ _ _ _ _ _ _ _ _ _ _ _ _ _

self = <joblib.parallel.BatchCompletionCallBack object at 0x00000212BE686330>

    def _return_or_raise(self):
        try:
            if self.status == TASK_ERROR:
>               raise self._result
E               ValueError: Input X contains NaN.
E               Lasso does not accept missing values encoded as NaN natively. For supervised learning, you might want to consider sklearn.ensemble.HistGradientBoostingClassifier and Regressor which accept missing values encoded as NaNs natively. Alternatively, it is possible to preprocess the data, for instance by using an imputer transformer in a pipeline or drop samples with missing values. See https://scikit-learn.org/stable/modules/impute.html You can find a list of all estimators that handle NaN values at the following page: https://scikit-learn.org/stable/modules/impute.html#estimators-that-handle-nan-values

..\..\miniconda3\Lib\site-packages\joblib\parallel.py:773: ValueError
___________________ TestEnsembleModels.test_voting_ensemble ___________________

self = <test_ensemble.TestEnsembleModels object at 0x00000212BE530690>
sample_X_y = (array([[102.48357077, 104.58163837, 100.04126378, ...,          nan,
         50.01205475,          nan],
       [ 99..., -5.80456930e-02,
        5.23554765e-03,  8.89459769e-02, -9.52925988e-02, -2.89572178e-02,
       -1.00530675e-01]))
base_models = {'lasso': Lasso(alpha=0.1), 'ridge': Ridge()}

    def test_voting_ensemble(self, sample_X_y, base_models):
        """Test voting ensemble"""
        X, y = sample_X_y
    
        ensemble = VotingEnsemble(base_models=base_models)
>       ensemble.train(X, y)

tests\test_models\test_ensemble.py:37: 
_ _ _ _ _ _ _ _ _ _ _ _ _ _ _ _ _ _ _ _ _ _ _ _ _ _ _ _ _ _ _ _ _ _ _ _ _ _ _ _
src\models\base.py:75: in train
    self.model.fit(X_train, y_train)
..\..\miniconda3\Lib\site-packages\sklearn\base.py:1336: in wrapper
    return fit_method(estimator, *args, **kwargs)
           ^^^^^^^^^^^^^^^^^^^^^^^^^^^^^^^^^^^^^^
..\..\miniconda3\Lib\site-packages\sklearn\ensemble\_voting.py:678: in fit
    return super().fit(X, y, **fit_params)
           ^^^^^^^^^^^^^^^^^^^^^^^^^^^^^^^
..\..\miniconda3\Lib\site-packages\sklearn\ensemble\_voting.py:99: in fit
    self.estimators_ = Parallel(n_jobs=self.n_jobs)(
..\..\miniconda3\Lib\site-packages\sklearn\utils\parallel.py:91: in __call__
    return super().__call__(iterable_with_config_and_warning_filters)
           ^^^^^^^^^^^^^^^^^^^^^^^^^^^^^^^^^^^^^^^^^^^^^^^^^^^^^^^^^^
..\..\miniconda3\Lib\site-packages\joblib\parallel.py:1986: in __call__
    return output if self.return_generator else list(output)
                                                ^^^^^^^^^^^^
..\..\miniconda3\Lib\site-packages\joblib\parallel.py:1914: in _get_sequential_output
    res = func(*args, **kwargs)
          ^^^^^^^^^^^^^^^^^^^^^
..\..\miniconda3\Lib\site-packages\sklearn\utils\parallel.py:184: in __call__
    return self.function(*args, **kwargs)
           ^^^^^^^^^^^^^^^^^^^^^^^^^^^^^^
..\..\miniconda3\Lib\site-packages\sklearn\ensemble\_base.py:45: in _fit_single_estimator
    estimator.fit(X, y, **fit_params)
..\..\miniconda3\Lib\site-packages\sklearn\base.py:1336: in wrapper
    return fit_method(estimator, *args, **kwargs)
           ^^^^^^^^^^^^^^^^^^^^^^^^^^^^^^^^^^^^^^
..\..\miniconda3\Lib\site-packages\sklearn\linear_model\_ridge.py:1254: in fit
    X, y = validate_data(
..\..\miniconda3\Lib\site-packages\sklearn\utils\validation.py:2919: in validate_data
    X, y = check_X_y(X, y, **check_params)
           ^^^^^^^^^^^^^^^^^^^^^^^^^^^^^^^
..\..\miniconda3\Lib\site-packages\sklearn\utils\validation.py:1314: in check_X_y
    X = check_array(
..\..\miniconda3\Lib\site-packages\sklearn\utils\validation.py:1074: in check_array
    _assert_all_finite(
..\..\miniconda3\Lib\site-packages\sklearn\utils\validation.py:133: in _assert_all_finite
    _assert_all_finite_element_wise(
_ _ _ _ _ _ _ _ _ _ _ _ _ _ _ _ _ _ _ _ _ _ _ _ _ _ _ _ _ _ _ _ _ _ _ _ _ _ _ _

X = array([[102.48357077, 104.58163837, 100.04126378, ...,          nan,
         50.01205475,          nan],
       [ 99....   [102.59673257, 106.44876377, 101.63814772, ...,   1.10304219,
         44.64198537,   1.65828117]], shape=(361, 11))

    def _assert_all_finite_element_wise(
        X, *, xp, allow_nan, msg_dtype=None, estimator_name=None, input_name=""
    ):
        # Cython implementation doesn't support FP16 or complex numbers
        use_cython = (
            xp is np and X.data.contiguous and X.dtype.type in {np.float32, np.float64}
        )
        if use_cython:
            out = cy_isfinite(X.reshape(-1), allow_nan=allow_nan)
            has_nan_error = False if allow_nan else out == FiniteStatus.has_nan
            has_inf = out == FiniteStatus.has_infinite
        else:
            has_inf = xp.any(xp.isinf(X))
            has_nan_error = False if allow_nan else xp.any(xp.isnan(X))
        if has_inf or has_nan_error:
            if has_nan_error:
                type_err = "NaN"
            else:
                msg_dtype = msg_dtype if msg_dtype is not None else X.dtype
                type_err = f"infinity or a value too large for {msg_dtype!r}"
            padded_input_name = input_name + " " if input_name else ""
            msg_err = f"Input {padded_input_name}contains {type_err}."
            if estimator_name and input_name == "X" and has_nan_error:
                # Improve the error message on how to handle missing values in
                # scikit-learn.
                msg_err += (
                    f"\n{estimator_name} does not accept missing values"
                    " encoded as NaN natively. For supervised learning, you might want"
                    " to consider sklearn.ensemble.HistGradientBoostingClassifier and"
                    " Regressor which accept missing values encoded as NaNs natively."
                    " Alternatively, it is possible to preprocess the data, for"
                    " instance by using an imputer transformer in a pipeline or drop"
                    " samples with missing values. See"
                    " https://scikit-learn.org/stable/modules/impute.html"
                    " You can find a list of all estimators that handle NaN values"
                    " at the following page:"
                    " https://scikit-learn.org/stable/modules/impute.html"
                    "#estimators-that-handle-nan-values"
                )
>           raise ValueError(msg_err)
E           ValueError: Input X contains NaN.
E           Ridge does not accept missing values encoded as NaN natively. For supervised learning, you might want to consider sklearn.ensemble.HistGradientBoostingClassifier and Regressor which accept missing values encoded as NaNs natively. Alternatively, it is possible to preprocess the data, for instance by using an imputer transformer in a pipeline or drop samples with missing values. See https://scikit-learn.org/stable/modules/impute.html You can find a list of all estimators that handle NaN values at the following page: https://scikit-learn.org/stable/modules/impute.html#estimators-that-handle-nan-values

..\..\miniconda3\Lib\site-packages\sklearn\utils\validation.py:182: ValueError
__________________ TestEnsembleModels.test_optimize_weights ___________________

self = <test_ensemble.TestEnsembleModels object at 0x00000212BE544510>
sample_X_y = (array([[102.48357077, 104.58163837, 100.04126378, ...,          nan,
         50.01205475,          nan],
       [ 99..., -5.80456930e-02,
        5.23554765e-03,  8.89459769e-02, -9.52925988e-02, -2.89572178e-02,
       -1.00530675e-01]))
base_models = {'lasso': Lasso(alpha=0.1), 'ridge': Ridge()}

    def test_optimize_weights(self, sample_X_y, base_models):
        """Test weight optimization"""
        X, y = sample_X_y
    
        # Need to pre-fit the base models for optimize_weights to work normally,
        # but optimize_weights just calls .predict() on them.
        # For testing, we mock or fit manually inside the base models
        for name, m in base_models.items():
>           m.fit(X, y)

tests\test_models\test_ensemble.py:51: 
_ _ _ _ _ _ _ _ _ _ _ _ _ _ _ _ _ _ _ _ _ _ _ _ _ _ _ _ _ _ _ _ _ _ _ _ _ _ _ _
..\..\miniconda3\Lib\site-packages\sklearn\base.py:1336: in wrapper
    return fit_method(estimator, *args, **kwargs)
           ^^^^^^^^^^^^^^^^^^^^^^^^^^^^^^^^^^^^^^
..\..\miniconda3\Lib\site-packages\sklearn\linear_model\_ridge.py:1254: in fit
    X, y = validate_data(
..\..\miniconda3\Lib\site-packages\sklearn\utils\validation.py:2919: in validate_data
    X, y = check_X_y(X, y, **check_params)
           ^^^^^^^^^^^^^^^^^^^^^^^^^^^^^^^
..\..\miniconda3\Lib\site-packages\sklearn\utils\validation.py:1314: in check_X_y
    X = check_array(
..\..\miniconda3\Lib\site-packages\sklearn\utils\validation.py:1074: in check_array
    _assert_all_finite(
..\..\miniconda3\Lib\site-packages\sklearn\utils\validation.py:133: in _assert_all_finite
    _assert_all_finite_element_wise(
_ _ _ _ _ _ _ _ _ _ _ _ _ _ _ _ _ _ _ _ _ _ _ _ _ _ _ _ _ _ _ _ _ _ _ _ _ _ _ _

X = array([[102.48357077, 104.58163837, 100.04126378, ...,          nan,
         50.01205475,          nan],
       [ 99....   [102.59673257, 106.44876377, 101.63814772, ...,   1.10304219,
         44.64198537,   1.65828117]], shape=(361, 11))

    def _assert_all_finite_element_wise(
        X, *, xp, allow_nan, msg_dtype=None, estimator_name=None, input_name=""
    ):
        # Cython implementation doesn't support FP16 or complex numbers
        use_cython = (
            xp is np and X.data.contiguous and X.dtype.type in {np.float32, np.float64}
        )
        if use_cython:
            out = cy_isfinite(X.reshape(-1), allow_nan=allow_nan)
            has_nan_error = False if allow_nan else out == FiniteStatus.has_nan
            has_inf = out == FiniteStatus.has_infinite
        else:
            has_inf = xp.any(xp.isinf(X))
            has_nan_error = False if allow_nan else xp.any(xp.isnan(X))
        if has_inf or has_nan_error:
            if has_nan_error:
                type_err = "NaN"
            else:
                msg_dtype = msg_dtype if msg_dtype is not None else X.dtype
                type_err = f"infinity or a value too large for {msg_dtype!r}"
            padded_input_name = input_name + " " if input_name else ""
            msg_err = f"Input {padded_input_name}contains {type_err}."
            if estimator_name and input_name == "X" and has_nan_error:
                # Improve the error message on how to handle missing values in
                # scikit-learn.
                msg_err += (
                    f"\n{estimator_name} does not accept missing values"
                    " encoded as NaN natively. For supervised learning, you might want"
                    " to consider sklearn.ensemble.HistGradientBoostingClassifier and"
                    " Regressor which accept missing values encoded as NaNs natively."
                    " Alternatively, it is possible to preprocess the data, for"
                    " instance by using an imputer transformer in a pipeline or drop"
                    " samples with missing values. See"
                    " https://scikit-learn.org/stable/modules/impute.html"
                    " You can find a list of all estimators that handle NaN values"
                    " at the following page:"
                    " https://scikit-learn.org/stable/modules/impute.html"
                    "#estimators-that-handle-nan-values"
                )
>           raise ValueError(msg_err)
E           ValueError: Input X contains NaN.
E           Ridge does not accept missing values encoded as NaN natively. For supervised learning, you might want to consider sklearn.ensemble.HistGradientBoostingClassifier and Regressor which accept missing values encoded as NaNs natively. Alternatively, it is possible to preprocess the data, for instance by using an imputer transformer in a pipeline or drop samples with missing values. See https://scikit-learn.org/stable/modules/impute.html You can find a list of all estimators that handle NaN values at the following page: https://scikit-learn.org/stable/modules/impute.html#estimators-that-handle-nan-values

..\..\miniconda3\Lib\site-packages\sklearn\utils\validation.py:182: ValueError
______________________ TestLinearModels.test_train_ridge ______________________

self = <test_linear.TestLinearModels object at 0x00000212BE544770>
sample_X_y = (array([[102.48357077, 104.58163837, 100.04126378, ...,          nan,
         50.01205475,          nan],
       [ 99..., -5.80456930e-02,
        5.23554765e-03,  8.89459769e-02, -9.52925988e-02, -2.89572178e-02,
       -1.00530675e-01]))

    def test_train_ridge(self, sample_X_y):
        """Test Ridge regression training"""
        X, y = sample_X_y
    
        model = RidgeModel()
        # Ensure train method works gracefully
        pipeline, metrics = model.train(X, y)
    
        assert pipeline is not None
>       assert 'rmse' in metrics
E       AssertionError: assert 'rmse' in 'train_mae'

tests\test_models\test_linear.py:34: AssertionError
______________________ TestLinearModels.test_train_lasso ______________________

self = <test_linear.TestLinearModels object at 0x00000212BE5448A0>
sample_X_y = (array([[102.48357077, 104.58163837, 100.04126378, ...,          nan,
         50.01205475,          nan],
       [ 99..., -5.80456930e-02,
        5.23554765e-03,  8.89459769e-02, -9.52925988e-02, -2.89572178e-02,
       -1.00530675e-01]))

    def test_train_lasso(self, sample_X_y):
        """Test Lasso regression training"""
        X, y = sample_X_y
    
        model = LassoModel()
        pipeline, metrics = model.train(X, y)
    
        assert pipeline is not None
>       assert 'rmse' in metrics
E       AssertionError: assert 'rmse' in 'train_mae'

tests\test_models\test_linear.py:45: AssertionError
=========================== short test summary info ===========================
FAILED tests/test_integration/test_end_to_end.py::TestEndToEnd::test_data_to_prediction_flow
FAILED tests/test_integration/test_end_to_end.py::TestEndToEnd::test_api_prediction_flow
FAILED tests/test_integration/test_pipeline.py::TestPipelineIntegration::test_training_pipeline
FAILED tests/test_models/test_ensemble.py::TestEnsembleModels::test_stacking_ensemble
FAILED tests/test_models/test_ensemble.py::TestEnsembleModels::test_voting_ensemble
FAILED tests/test_models/test_ensemble.py::TestEnsembleModels::test_optimize_weights
FAILED tests/test_models/test_linear.py::TestLinearModels::test_train_ridge
FAILED tests/test_models/test_linear.py::TestLinearModels::test_train_lasso
======================== 8 failed, 58 passed in 11.41s ========================
